CRITICAL - 2024-03-25 04:08:29 --> ParseError: syntax error, unexpected token "=>", expecting "," or ";"
in APPPATH\Views\layout\template.php on line 33.
 1 SYSTEMPATH\View\View.php(231): CodeIgniter\View\View->CodeIgniter\View\{closure}()
 2 SYSTEMPATH\View\View.php(244): CodeIgniter\View\View->render('layout/template', [], true)
 3 SYSTEMPATH\Common.php(1178): CodeIgniter\View\View->render('page/home', [], true)
 4 APPPATH\Controllers\Page.php(14): view('page/home', [...])
 5 SYSTEMPATH\CodeIgniter.php(941): App\Controllers\Page->index()
 6 SYSTEMPATH\CodeIgniter.php(502): CodeIgniter\CodeIgniter->runController(Object(App\Controllers\Page))
 7 SYSTEMPATH\CodeIgniter.php(361): CodeIgniter\CodeIgniter->handleRequest(null, Object(Config\Cache), false)
 8 FCPATH\index.php(79): CodeIgniter\CodeIgniter->run()
 9 SYSTEMPATH\Commands\Server\rewrite.php(47): require_once('C:\\Users\\PC18\\Pemweb-2\\pertemuan-4\\public\\index.php')
CRITICAL - 2024-03-25 04:10:54 --> ParseError: syntax error, unexpected token "=>", expecting "," or ";"
in APPPATH\Views\layout\template.php on line 33.
 1 SYSTEMPATH\View\View.php(231): CodeIgniter\View\View->CodeIgniter\View\{closure}()
 2 SYSTEMPATH\View\View.php(244): CodeIgniter\View\View->render('layout/template', [], true)
 3 SYSTEMPATH\Common.php(1178): CodeIgniter\View\View->render('page/home', [], true)
 4 APPPATH\Controllers\Page.php(14): view('page/home', [...])
 5 SYSTEMPATH\CodeIgniter.php(941): App\Controllers\Page->index()
 6 SYSTEMPATH\CodeIgniter.php(502): CodeIgniter\CodeIgniter->runController(Object(App\Controllers\Page))
 7 SYSTEMPATH\CodeIgniter.php(361): CodeIgniter\CodeIgniter->handleRequest(null, Object(Config\Cache), false)
 8 FCPATH\index.php(79): CodeIgniter\CodeIgniter->run()
 9 SYSTEMPATH\Commands\Server\rewrite.php(47): require_once('C:\\Users\\PC18\\Pemweb-2\\pertemuan-4\\public\\index.php')
CRITICAL - 2024-03-25 04:11:10 --> ParseError: syntax error, unexpected token "=>", expecting "," or ";"
in APPPATH\Views\layout\template.php on line 33.
 1 SYSTEMPATH\View\View.php(231): CodeIgniter\View\View->CodeIgniter\View\{closure}()
 2 SYSTEMPATH\View\View.php(244): CodeIgniter\View\View->render('layout/template', [], true)
 3 SYSTEMPATH\Common.php(1178): CodeIgniter\View\View->render('page/home', [], true)
 4 APPPATH\Controllers\Page.php(14): view('page/home', [...])
 5 SYSTEMPATH\CodeIgniter.php(941): App\Controllers\Page->index()
 6 SYSTEMPATH\CodeIgniter.php(502): CodeIgniter\CodeIgniter->runController(Object(App\Controllers\Page))
 7 SYSTEMPATH\CodeIgniter.php(361): CodeIgniter\CodeIgniter->handleRequest(null, Object(Config\Cache), false)
 8 FCPATH\index.php(79): CodeIgniter\CodeIgniter->run()
 9 SYSTEMPATH\Commands\Server\rewrite.php(47): require_once('C:\\Users\\PC18\\Pemweb-2\\pertemuan-4\\public\\index.php')
CRITICAL - 2024-03-25 04:12:50 --> ParseError: syntax error, unexpected token ":", expecting "," or ";"
in APPPATH\Views\layout\template.php on line 33.
 1 SYSTEMPATH\View\View.php(231): CodeIgniter\View\View->CodeIgniter\View\{closure}()
 2 SYSTEMPATH\View\View.php(244): CodeIgniter\View\View->render('layout/template', [], true)
 3 SYSTEMPATH\Common.php(1178): CodeIgniter\View\View->render('page/home', [], true)
 4 APPPATH\Controllers\Page.php(14): view('page/home', [...])
 5 SYSTEMPATH\CodeIgniter.php(941): App\Controllers\Page->index()
 6 SYSTEMPATH\CodeIgniter.php(502): CodeIgniter\CodeIgniter->runController(Object(App\Controllers\Page))
 7 SYSTEMPATH\CodeIgniter.php(361): CodeIgniter\CodeIgniter->handleRequest(null, Object(Config\Cache), false)
 8 FCPATH\index.php(79): CodeIgniter\CodeIgniter->run()
 9 SYSTEMPATH\Commands\Server\rewrite.php(47): require_once('C:\\Users\\PC18\\Pemweb-2\\pertemuan-4\\public\\index.php')
CRITICAL - 2024-03-25 04:15:37 --> ErrorException: Undefined variable $title
in APPPATH\Views\layout\template.php on line 8.
 1 APPPATH\Views\layout\template.php(8): CodeIgniter\Debug\Exceptions->errorHandler(2, 'Undefined variable $title', 'C:\\Users\\PC18\\Pemweb-2\\pertemuan-4\\app\\Views\\layout\\template.php', 8)
 2 SYSTEMPATH\View\View.php(228): include('C:\\Users\\PC18\\Pemweb-2\\pertemuan-4\\app\\Views\\layout\\template.php')
 3 SYSTEMPATH\View\View.php(231): CodeIgniter\View\View->CodeIgniter\View\{closure}()
 4 SYSTEMPATH\View\View.php(244): CodeIgniter\View\View->render('layout/template', [], true)
 5 SYSTEMPATH\Common.php(1178): CodeIgniter\View\View->render('page/about', [], true)
 6 APPPATH\Controllers\Page.php(25): view('page/about')
 7 SYSTEMPATH\CodeIgniter.php(941): App\Controllers\Page->about()
 8 SYSTEMPATH\CodeIgniter.php(502): CodeIgniter\CodeIgniter->runController(Object(App\Controllers\Page))
 9 SYSTEMPATH\CodeIgniter.php(361): CodeIgniter\CodeIgniter->handleRequest(null, Object(Config\Cache), false)
10 FCPATH\index.php(79): CodeIgniter\CodeIgniter->run()
11 SYSTEMPATH\Commands\Server\rewrite.php(47): require_once('C:\\Users\\PC18\\Pemweb-2\\pertemuan-4\\public\\index.php')
CRITICAL - 2024-03-25 04:21:00 --> ErrorException: Undefined variable $title
in APPPATH\Views\layout\template.php on line 8.
 1 APPPATH\Views\layout\template.php(8): CodeIgniter\Debug\Exceptions->errorHandler(2, 'Undefined variable $title', 'C:\\Users\\PC18\\Pemweb-2\\pertemuan-4\\app\\Views\\layout\\template.php', 8)
 2 SYSTEMPATH\View\View.php(228): include('C:\\Users\\PC18\\Pemweb-2\\pertemuan-4\\app\\Views\\layout\\template.php')
 3 SYSTEMPATH\View\View.php(231): CodeIgniter\View\View->CodeIgniter\View\{closure}()
 4 SYSTEMPATH\View\View.php(244): CodeIgniter\View\View->render('layout/template', [], true)
 5 SYSTEMPATH\Common.php(1178): CodeIgniter\View\View->render('page/about', [], true)
 6 APPPATH\Controllers\Page.php(25): view('page/about')
 7 SYSTEMPATH\CodeIgniter.php(941): App\Controllers\Page->about()
 8 SYSTEMPATH\CodeIgniter.php(502): CodeIgniter\CodeIgniter->runController(Object(App\Controllers\Page))
 9 SYSTEMPATH\CodeIgniter.php(361): CodeIgniter\CodeIgniter->handleRequest(null, Object(Config\Cache), false)
10 FCPATH\index.php(79): CodeIgniter\CodeIgniter->run()
11 SYSTEMPATH\Commands\Server\rewrite.php(47): require_once('C:\\Users\\PC18\\Pemweb-2\\pertemuan-4\\public\\index.php')
CRITICAL - 2024-03-25 04:22:08 --> ErrorException: Undefined variable $title
in APPPATH\Views\layout\template.php on line 8.
 1 APPPATH\Views\layout\template.php(8): CodeIgniter\Debug\Exceptions->errorHandler(2, 'Undefined variable $title', 'C:\\Users\\PC18\\Pemweb-2\\pertemuan-4\\app\\Views\\layout\\template.php', 8)
 2 SYSTEMPATH\View\View.php(228): include('C:\\Users\\PC18\\Pemweb-2\\pertemuan-4\\app\\Views\\layout\\template.php')
 3 SYSTEMPATH\View\View.php(231): CodeIgniter\View\View->CodeIgniter\View\{closure}()
 4 SYSTEMPATH\View\View.php(244): CodeIgniter\View\View->render('layout/template', [], true)
 5 SYSTEMPATH\Common.php(1178): CodeIgniter\View\View->render('page/about', [], true)
 6 APPPATH\Controllers\Page.php(25): view('page/about')
 7 SYSTEMPATH\CodeIgniter.php(941): App\Controllers\Page->about()
 8 SYSTEMPATH\CodeIgniter.php(502): CodeIgniter\CodeIgniter->runController(Object(App\Controllers\Page))
 9 SYSTEMPATH\CodeIgniter.php(361): CodeIgniter\CodeIgniter->handleRequest(null, Object(Config\Cache), false)
10 FCPATH\index.php(79): CodeIgniter\CodeIgniter->run()
11 SYSTEMPATH\Commands\Server\rewrite.php(47): require_once('C:\\Users\\PC18\\Pemweb-2\\pertemuan-4\\public\\index.php')
CRITICAL - 2024-03-25 04:24:08 --> ErrorException: Undefined variable $title
in APPPATH\Views\layout\template.php on line 8.
 1 APPPATH\Views\layout\template.php(8): CodeIgniter\Debug\Exceptions->errorHandler(2, 'Undefined variable $title', 'C:\\Users\\PC18\\Pemweb-2\\pertemuan-4\\app\\Views\\layout\\template.php', 8)
 2 SYSTEMPATH\View\View.php(228): include('C:\\Users\\PC18\\Pemweb-2\\pertemuan-4\\app\\Views\\layout\\template.php')
 3 SYSTEMPATH\View\View.php(231): CodeIgniter\View\View->CodeIgniter\View\{closure}()
 4 SYSTEMPATH\View\View.php(244): CodeIgniter\View\View->render('layout/template', [], true)
 5 SYSTEMPATH\Common.php(1178): CodeIgniter\View\View->render('page/about', [], true)
 6 APPPATH\Controllers\Page.php(25): view('page/about')
 7 SYSTEMPATH\CodeIgniter.php(941): App\Controllers\Page->about()
 8 SYSTEMPATH\CodeIgniter.php(502): CodeIgniter\CodeIgniter->runController(Object(App\Controllers\Page))
 9 SYSTEMPATH\CodeIgniter.php(361): CodeIgniter\CodeIgniter->handleRequest(null, Object(Config\Cache), false)
10 FCPATH\index.php(79): CodeIgniter\CodeIgniter->run()
11 SYSTEMPATH\Commands\Server\rewrite.php(47): require_once('C:\\Users\\PC18\\Pemweb-2\\pertemuan-4\\public\\index.php')
CRITICAL - 2024-03-25 04:25:02 --> ErrorException: Undefined variable $title
in APPPATH\Views\layout\template.php on line 8.
 1 APPPATH\Views\layout\template.php(8): CodeIgniter\Debug\Exceptions->errorHandler(2, 'Undefined variable $title', 'C:\\Users\\PC18\\Pemweb-2\\pertemuan-4\\app\\Views\\layout\\template.php', 8)
 2 SYSTEMPATH\View\View.php(228): include('C:\\Users\\PC18\\Pemweb-2\\pertemuan-4\\app\\Views\\layout\\template.php')
 3 SYSTEMPATH\View\View.php(231): CodeIgniter\View\View->CodeIgniter\View\{closure}()
 4 SYSTEMPATH\View\View.php(244): CodeIgniter\View\View->render('layout/template', [], true)
 5 SYSTEMPATH\Common.php(1178): CodeIgniter\View\View->render('page/about', [], true)
 6 APPPATH\Controllers\Page.php(25): view('page/about')
 7 SYSTEMPATH\CodeIgniter.php(941): App\Controllers\Page->about()
 8 SYSTEMPATH\CodeIgniter.php(502): CodeIgniter\CodeIgniter->runController(Object(App\Controllers\Page))
 9 SYSTEMPATH\CodeIgniter.php(361): CodeIgniter\CodeIgniter->handleRequest(null, Object(Config\Cache), false)
10 FCPATH\index.php(79): CodeIgniter\CodeIgniter->run()
11 SYSTEMPATH\Commands\Server\rewrite.php(47): require_once('C:\\Users\\PC18\\Pemweb-2\\pertemuan-4\\public\\index.php')
CRITICAL - 2024-03-25 04:25:03 --> ErrorException: Undefined variable $title
in APPPATH\Views\layout\template.php on line 8.
 1 APPPATH\Views\layout\template.php(8): CodeIgniter\Debug\Exceptions->errorHandler(2, 'Undefined variable $title', 'C:\\Users\\PC18\\Pemweb-2\\pertemuan-4\\app\\Views\\layout\\template.php', 8)
 2 SYSTEMPATH\View\View.php(228): include('C:\\Users\\PC18\\Pemweb-2\\pertemuan-4\\app\\Views\\layout\\template.php')
 3 SYSTEMPATH\View\View.php(231): CodeIgniter\View\View->CodeIgniter\View\{closure}()
 4 SYSTEMPATH\View\View.php(244): CodeIgniter\View\View->render('layout/template', [], true)
 5 SYSTEMPATH\Common.php(1178): CodeIgniter\View\View->render('page/about', [], true)
 6 APPPATH\Controllers\Page.php(25): view('page/about')
 7 SYSTEMPATH\CodeIgniter.php(941): App\Controllers\Page->about()
 8 SYSTEMPATH\CodeIgniter.php(502): CodeIgniter\CodeIgniter->runController(Object(App\Controllers\Page))
 9 SYSTEMPATH\CodeIgniter.php(361): CodeIgniter\CodeIgniter->handleRequest(null, Object(Config\Cache), false)
10 FCPATH\index.php(79): CodeIgniter\CodeIgniter->run()
11 SYSTEMPATH\Commands\Server\rewrite.php(47): require_once('C:\\Users\\PC18\\Pemweb-2\\pertemuan-4\\public\\index.php')
CRITICAL - 2024-03-25 04:25:03 --> ErrorException: Undefined variable $title
in APPPATH\Views\layout\template.php on line 8.
 1 APPPATH\Views\layout\template.php(8): CodeIgniter\Debug\Exceptions->errorHandler(2, 'Undefined variable $title', 'C:\\Users\\PC18\\Pemweb-2\\pertemuan-4\\app\\Views\\layout\\template.php', 8)
 2 SYSTEMPATH\View\View.php(228): include('C:\\Users\\PC18\\Pemweb-2\\pertemuan-4\\app\\Views\\layout\\template.php')
 3 SYSTEMPATH\View\View.php(231): CodeIgniter\View\View->CodeIgniter\View\{closure}()
 4 SYSTEMPATH\View\View.php(244): CodeIgniter\View\View->render('layout/template', [], true)
 5 SYSTEMPATH\Common.php(1178): CodeIgniter\View\View->render('page/about', [], true)
 6 APPPATH\Controllers\Page.php(25): view('page/about')
 7 SYSTEMPATH\CodeIgniter.php(941): App\Controllers\Page->about()
 8 SYSTEMPATH\CodeIgniter.php(502): CodeIgniter\CodeIgniter->runController(Object(App\Controllers\Page))
 9 SYSTEMPATH\CodeIgniter.php(361): CodeIgniter\CodeIgniter->handleRequest(null, Object(Config\Cache), false)
10 FCPATH\index.php(79): CodeIgniter\CodeIgniter->run()
11 SYSTEMPATH\Commands\Server\rewrite.php(47): require_once('C:\\Users\\PC18\\Pemweb-2\\pertemuan-4\\public\\index.php')
CRITICAL - 2024-03-25 04:27:27 --> ErrorException: Undefined variable $title
in APPPATH\Views\layout\template.php on line 8.
 1 APPPATH\Views\layout\template.php(8): CodeIgniter\Debug\Exceptions->errorHandler(2, 'Undefined variable $title', 'C:\\Users\\PC18\\Pemweb-2\\pertemuan-4\\app\\Views\\layout\\template.php', 8)
 2 SYSTEMPATH\View\View.php(228): include('C:\\Users\\PC18\\Pemweb-2\\pertemuan-4\\app\\Views\\layout\\template.php')
 3 SYSTEMPATH\View\View.php(231): CodeIgniter\View\View->CodeIgniter\View\{closure}()
 4 SYSTEMPATH\View\View.php(244): CodeIgniter\View\View->render('layout/template', [], true)
 5 SYSTEMPATH\Common.php(1178): CodeIgniter\View\View->render('page/about', [], true)
 6 APPPATH\Controllers\Page.php(25): view('page/about')
 7 SYSTEMPATH\CodeIgniter.php(941): App\Controllers\Page->about()
 8 SYSTEMPATH\CodeIgniter.php(502): CodeIgniter\CodeIgniter->runController(Object(App\Controllers\Page))
 9 SYSTEMPATH\CodeIgniter.php(361): CodeIgniter\CodeIgniter->handleRequest(null, Object(Config\Cache), false)
10 FCPATH\index.php(79): CodeIgniter\CodeIgniter->run()
11 SYSTEMPATH\Commands\Server\rewrite.php(47): require_once('C:\\Users\\PC18\\Pemweb-2\\pertemuan-4\\public\\index.php')
CRITICAL - 2024-03-25 04:28:21 --> ErrorException: Undefined variable $title
in APPPATH\Views\layout\template.php on line 8.
 1 APPPATH\Views\layout\template.php(8): CodeIgniter\Debug\Exceptions->errorHandler(2, 'Undefined variable $title', 'C:\\Users\\PC18\\Pemweb-2\\pertemuan-4\\app\\Views\\layout\\template.php', 8)
 2 SYSTEMPATH\View\View.php(228): include('C:\\Users\\PC18\\Pemweb-2\\pertemuan-4\\app\\Views\\layout\\template.php')
 3 SYSTEMPATH\View\View.php(231): CodeIgniter\View\View->CodeIgniter\View\{closure}()
 4 SYSTEMPATH\View\View.php(244): CodeIgniter\View\View->render('layout/template', [], true)
 5 SYSTEMPATH\Common.php(1178): CodeIgniter\View\View->render('page/about', [], true)
 6 APPPATH\Controllers\Page.php(25): view('page/about')
 7 SYSTEMPATH\CodeIgniter.php(941): App\Controllers\Page->about()
 8 SYSTEMPATH\CodeIgniter.php(502): CodeIgniter\CodeIgniter->runController(Object(App\Controllers\Page))
 9 SYSTEMPATH\CodeIgniter.php(361): CodeIgniter\CodeIgniter->handleRequest(null, Object(Config\Cache), false)
10 FCPATH\index.php(79): CodeIgniter\CodeIgniter->run()
11 SYSTEMPATH\Commands\Server\rewrite.php(47): require_once('C:\\Users\\PC18\\Pemweb-2\\pertemuan-4\\public\\index.php')
CRITICAL - 2024-03-25 04:29:42 --> ErrorException: Undefined variable $title
in APPPATH\Views\layout\template.php on line 8.
 1 APPPATH\Views\layout\template.php(8): CodeIgniter\Debug\Exceptions->errorHandler(2, 'Undefined variable $title', 'C:\\Users\\PC18\\Pemweb-2\\pertemuan-4\\app\\Views\\layout\\template.php', 8)
 2 SYSTEMPATH\View\View.php(228): include('C:\\Users\\PC18\\Pemweb-2\\pertemuan-4\\app\\Views\\layout\\template.php')
 3 SYSTEMPATH\View\View.php(231): CodeIgniter\View\View->CodeIgniter\View\{closure}()
 4 SYSTEMPATH\View\View.php(244): CodeIgniter\View\View->render('layout/template', [], true)
 5 SYSTEMPATH\Common.php(1178): CodeIgniter\View\View->render('page/about', [], true)
 6 APPPATH\Controllers\Page.php(25): view('page/about')
 7 SYSTEMPATH\CodeIgniter.php(941): App\Controllers\Page->about()
 8 SYSTEMPATH\CodeIgniter.php(502): CodeIgniter\CodeIgniter->runController(Object(App\Controllers\Page))
 9 SYSTEMPATH\CodeIgniter.php(361): CodeIgniter\CodeIgniter->handleRequest(null, Object(Config\Cache), false)
10 FCPATH\index.php(79): CodeIgniter\CodeIgniter->run()
11 SYSTEMPATH\Commands\Server\rewrite.php(47): require_once('C:\\Users\\PC18\\Pemweb-2\\pertemuan-4\\public\\index.php')
CRITICAL - 2024-03-25 04:34:58 --> ErrorException: Undefined variable $title
in APPPATH\Views\layout\template.php on line 8.
 1 APPPATH\Views\layout\template.php(8): CodeIgniter\Debug\Exceptions->errorHandler(2, 'Undefined variable $title', 'C:\\Users\\PC18\\Pemweb-2\\pertemuan-4\\app\\Views\\layout\\template.php', 8)
 2 SYSTEMPATH\View\View.php(228): include('C:\\Users\\PC18\\Pemweb-2\\pertemuan-4\\app\\Views\\layout\\template.php')
 3 SYSTEMPATH\View\View.php(231): CodeIgniter\View\View->CodeIgniter\View\{closure}()
 4 SYSTEMPATH\View\View.php(244): CodeIgniter\View\View->render('layout/template', [], true)
 5 SYSTEMPATH\Common.php(1178): CodeIgniter\View\View->render('page/about', [], true)
 6 APPPATH\Controllers\Page.php(25): view('page/about')
 7 SYSTEMPATH\CodeIgniter.php(941): App\Controllers\Page->about()
 8 SYSTEMPATH\CodeIgniter.php(502): CodeIgniter\CodeIgniter->runController(Object(App\Controllers\Page))
 9 SYSTEMPATH\CodeIgniter.php(361): CodeIgniter\CodeIgniter->handleRequest(null, Object(Config\Cache), false)
10 FCPATH\index.php(79): CodeIgniter\CodeIgniter->run()
11 SYSTEMPATH\Commands\Server\rewrite.php(47): require_once('C:\\Users\\PC18\\Pemweb-2\\pertemuan-4\\public\\index.php')
CRITICAL - 2024-03-25 04:35:03 --> ErrorException: Undefined variable $title
in APPPATH\Views\layout\template.php on line 8.
 1 APPPATH\Views\layout\template.php(8): CodeIgniter\Debug\Exceptions->errorHandler(2, 'Undefined variable $title', 'C:\\Users\\PC18\\Pemweb-2\\pertemuan-4\\app\\Views\\layout\\template.php', 8)
 2 SYSTEMPATH\View\View.php(228): include('C:\\Users\\PC18\\Pemweb-2\\pertemuan-4\\app\\Views\\layout\\template.php')
 3 SYSTEMPATH\View\View.php(231): CodeIgniter\View\View->CodeIgniter\View\{closure}()
 4 SYSTEMPATH\View\View.php(244): CodeIgniter\View\View->render('layout/template', [], true)
 5 SYSTEMPATH\Common.php(1178): CodeIgniter\View\View->render('page/about', [], true)
 6 APPPATH\Controllers\Page.php(25): view('page/about')
 7 SYSTEMPATH\CodeIgniter.php(941): App\Controllers\Page->about()
 8 SYSTEMPATH\CodeIgniter.php(502): CodeIgniter\CodeIgniter->runController(Object(App\Controllers\Page))
 9 SYSTEMPATH\CodeIgniter.php(361): CodeIgniter\CodeIgniter->handleRequest(null, Object(Config\Cache), false)
10 FCPATH\index.php(79): CodeIgniter\CodeIgniter->run()
11 SYSTEMPATH\Commands\Server\rewrite.php(47): require_once('C:\\Users\\PC18\\Pemweb-2\\pertemuan-4\\public\\index.php')
CRITICAL - 2024-03-25 04:35:59 --> ErrorException: Undefined variable $title
in APPPATH\Views\layout\template.php on line 8.
 1 APPPATH\Views\layout\template.php(8): CodeIgniter\Debug\Exceptions->errorHandler(2, 'Undefined variable $title', 'C:\\Users\\PC18\\Pemweb-2\\pertemuan-4\\app\\Views\\layout\\template.php', 8)
 2 SYSTEMPATH\View\View.php(228): include('C:\\Users\\PC18\\Pemweb-2\\pertemuan-4\\app\\Views\\layout\\template.php')
 3 SYSTEMPATH\View\View.php(231): CodeIgniter\View\View->CodeIgniter\View\{closure}()
 4 SYSTEMPATH\View\View.php(244): CodeIgniter\View\View->render('layout/template', [], true)
 5 SYSTEMPATH\Common.php(1178): CodeIgniter\View\View->render('page/about', [], true)
 6 APPPATH\Controllers\Page.php(25): view('page/about')
 7 SYSTEMPATH\CodeIgniter.php(941): App\Controllers\Page->about()
 8 SYSTEMPATH\CodeIgniter.php(502): CodeIgniter\CodeIgniter->runController(Object(App\Controllers\Page))
 9 SYSTEMPATH\CodeIgniter.php(361): CodeIgniter\CodeIgniter->handleRequest(null, Object(Config\Cache), false)
10 FCPATH\index.php(79): CodeIgniter\CodeIgniter->run()
11 SYSTEMPATH\Commands\Server\rewrite.php(47): require_once('C:\\Users\\PC18\\Pemweb-2\\pertemuan-4\\public\\index.php')
CRITICAL - 2024-03-25 04:36:39 --> ErrorException: Undefined variable $title
in APPPATH\Views\layout\template.php on line 8.
 1 APPPATH\Views\layout\template.php(8): CodeIgniter\Debug\Exceptions->errorHandler(2, 'Undefined variable $title', 'C:\\Users\\PC18\\Pemweb-2\\pertemuan-4\\app\\Views\\layout\\template.php', 8)
 2 SYSTEMPATH\View\View.php(228): include('C:\\Users\\PC18\\Pemweb-2\\pertemuan-4\\app\\Views\\layout\\template.php')
 3 SYSTEMPATH\View\View.php(231): CodeIgniter\View\View->CodeIgniter\View\{closure}()
 4 SYSTEMPATH\View\View.php(244): CodeIgniter\View\View->render('layout/template', [], true)
 5 SYSTEMPATH\Common.php(1178): CodeIgniter\View\View->render('page/about', [], true)
 6 APPPATH\Controllers\Page.php(25): view('page/about')
 7 SYSTEMPATH\CodeIgniter.php(941): App\Controllers\Page->about()
 8 SYSTEMPATH\CodeIgniter.php(502): CodeIgniter\CodeIgniter->runController(Object(App\Controllers\Page))
 9 SYSTEMPATH\CodeIgniter.php(361): CodeIgniter\CodeIgniter->handleRequest(null, Object(Config\Cache), false)
10 FCPATH\index.php(79): CodeIgniter\CodeIgniter->run()
11 SYSTEMPATH\Commands\Server\rewrite.php(47): require_once('C:\\Users\\PC18\\Pemweb-2\\pertemuan-4\\public\\index.php')
CRITICAL - 2024-03-25 04:36:44 --> ErrorException: Undefined variable $title
in APPPATH\Views\layout\template.php on line 8.
 1 APPPATH\Views\layout\template.php(8): CodeIgniter\Debug\Exceptions->errorHandler(2, 'Undefined variable $title', 'C:\\Users\\PC18\\Pemweb-2\\pertemuan-4\\app\\Views\\layout\\template.php', 8)
 2 SYSTEMPATH\View\View.php(228): include('C:\\Users\\PC18\\Pemweb-2\\pertemuan-4\\app\\Views\\layout\\template.php')
 3 SYSTEMPATH\View\View.php(231): CodeIgniter\View\View->CodeIgniter\View\{closure}()
 4 SYSTEMPATH\View\View.php(244): CodeIgniter\View\View->render('layout/template', [], true)
 5 SYSTEMPATH\Common.php(1178): CodeIgniter\View\View->render('page/about', [], true)
 6 APPPATH\Controllers\Page.php(25): view('page/about')
 7 SYSTEMPATH\CodeIgniter.php(941): App\Controllers\Page->about()
 8 SYSTEMPATH\CodeIgniter.php(502): CodeIgniter\CodeIgniter->runController(Object(App\Controllers\Page))
 9 SYSTEMPATH\CodeIgniter.php(361): CodeIgniter\CodeIgniter->handleRequest(null, Object(Config\Cache), false)
10 FCPATH\index.php(79): CodeIgniter\CodeIgniter->run()
11 SYSTEMPATH\Commands\Server\rewrite.php(47): require_once('C:\\Users\\PC18\\Pemweb-2\\pertemuan-4\\public\\index.php')
CRITICAL - 2024-03-25 04:37:24 --> ErrorException: Undefined variable $title
in APPPATH\Views\layout\template.php on line 7.
 1 APPPATH\Views\layout\template.php(7): CodeIgniter\Debug\Exceptions->errorHandler(2, 'Undefined variable $title', 'C:\\Users\\PC18\\Pemweb-2\\pertemuan-4\\app\\Views\\layout\\template.php', 7)
 2 SYSTEMPATH\View\View.php(228): include('C:\\Users\\PC18\\Pemweb-2\\pertemuan-4\\app\\Views\\layout\\template.php')
 3 SYSTEMPATH\View\View.php(231): CodeIgniter\View\View->CodeIgniter\View\{closure}()
 4 SYSTEMPATH\View\View.php(244): CodeIgniter\View\View->render('layout/template', [], true)
 5 SYSTEMPATH\Common.php(1178): CodeIgniter\View\View->render('page/about', [], true)
 6 APPPATH\Controllers\Page.php(25): view('page/about')
 7 SYSTEMPATH\CodeIgniter.php(941): App\Controllers\Page->about()
 8 SYSTEMPATH\CodeIgniter.php(502): CodeIgniter\CodeIgniter->runController(Object(App\Controllers\Page))
 9 SYSTEMPATH\CodeIgniter.php(361): CodeIgniter\CodeIgniter->handleRequest(null, Object(Config\Cache), false)
10 FCPATH\index.php(79): CodeIgniter\CodeIgniter->run()
11 SYSTEMPATH\Commands\Server\rewrite.php(47): require_once('C:\\Users\\PC18\\Pemweb-2\\pertemuan-4\\public\\index.php')
