INFO - 2024-05-13 04:13:49 --> Session: Class initialized using 'CodeIgniter\Session\Handlers\FileHandler' driver.
INFO - 2024-05-13 04:13:57 --> Session: Class initialized using 'CodeIgniter\Session\Handlers\FileHandler' driver.
INFO - 2024-05-13 04:14:04 --> Session: Class initialized using 'CodeIgniter\Session\Handlers\FileHandler' driver.
INFO - 2024-05-13 04:14:08 --> Session: Class initialized using 'CodeIgniter\Session\Handlers\FileHandler' driver.
INFO - 2024-05-13 04:14:43 --> Session: Class initialized using 'CodeIgniter\Session\Handlers\FileHandler' driver.
INFO - 2024-05-13 04:14:43 --> Session: Class initialized using 'CodeIgniter\Session\Handlers\FileHandler' driver.
INFO - 2024-05-13 04:14:59 --> Session: Class initialized using 'CodeIgniter\Session\Handlers\FileHandler' driver.
INFO - 2024-05-13 04:21:39 --> Session: Class initialized using 'CodeIgniter\Session\Handlers\FileHandler' driver.
CRITICAL - 2024-05-13 04:32:42 --> ParseError: syntax error, unexpected single-quoted string "validation", expecting "]"
in APPPATH\Controllers\Books.php on line 49.
 1 SYSTEMPATH\Router\Router.php(515): CodeIgniter\Router\AutoRouter->getRoute('books', 'get')
 2 SYSTEMPATH\Router\Router.php(211): CodeIgniter\Router\Router->autoRoute('books')
 3 SYSTEMPATH\CodeIgniter.php(823): CodeIgniter\Router\Router->handle('books')
 4 SYSTEMPATH\CodeIgniter.php(450): CodeIgniter\CodeIgniter->tryToRouteIt(Object(CodeIgniter\Router\RouteCollection))
 5 SYSTEMPATH\CodeIgniter.php(361): CodeIgniter\CodeIgniter->handleRequest(null, Object(Config\Cache), false)
 6 FCPATH\index.php(79): CodeIgniter\CodeIgniter->run()
 7 SYSTEMPATH\Commands\Server\rewrite.php(47): require_once('C:\\Users\\PC08\\Pemweb-2\\project-root\\public\\index.php')
CRITICAL - 2024-05-13 04:32:45 --> ParseError: syntax error, unexpected single-quoted string "validation", expecting "]"
in APPPATH\Controllers\Books.php on line 49.
 1 SYSTEMPATH\Router\Router.php(515): CodeIgniter\Router\AutoRouter->getRoute('books/create', 'get')
 2 SYSTEMPATH\Router\Router.php(211): CodeIgniter\Router\Router->autoRoute('books/create')
 3 SYSTEMPATH\CodeIgniter.php(823): CodeIgniter\Router\Router->handle('books/create')
 4 SYSTEMPATH\CodeIgniter.php(450): CodeIgniter\CodeIgniter->tryToRouteIt(Object(CodeIgniter\Router\RouteCollection))
 5 SYSTEMPATH\CodeIgniter.php(361): CodeIgniter\CodeIgniter->handleRequest(null, Object(Config\Cache), false)
 6 FCPATH\index.php(79): CodeIgniter\CodeIgniter->run()
 7 SYSTEMPATH\Commands\Server\rewrite.php(47): require_once('C:\\Users\\PC08\\Pemweb-2\\project-root\\public\\index.php')
CRITICAL - 2024-05-13 04:32:48 --> ParseError: syntax error, unexpected single-quoted string "validation", expecting "]"
in APPPATH\Controllers\Books.php on line 49.
 1 SYSTEMPATH\Router\Router.php(515): CodeIgniter\Router\AutoRouter->getRoute('books/', 'get')
 2 SYSTEMPATH\Router\Router.php(211): CodeIgniter\Router\Router->autoRoute('books/')
 3 SYSTEMPATH\CodeIgniter.php(823): CodeIgniter\Router\Router->handle('books/')
 4 SYSTEMPATH\CodeIgniter.php(450): CodeIgniter\CodeIgniter->tryToRouteIt(Object(CodeIgniter\Router\RouteCollection))
 5 SYSTEMPATH\CodeIgniter.php(361): CodeIgniter\CodeIgniter->handleRequest(null, Object(Config\Cache), false)
 6 FCPATH\index.php(79): CodeIgniter\CodeIgniter->run()
 7 SYSTEMPATH\Commands\Server\rewrite.php(47): require_once('C:\\Users\\PC08\\Pemweb-2\\project-root\\public\\index.php')
INFO - 2024-05-13 04:32:50 --> Session: Class initialized using 'CodeIgniter\Session\Handlers\FileHandler' driver.
CRITICAL - 2024-05-13 04:32:53 --> ParseError: syntax error, unexpected single-quoted string "validation", expecting "]"
in APPPATH\Controllers\Books.php on line 49.
 1 SYSTEMPATH\Router\Router.php(515): CodeIgniter\Router\AutoRouter->getRoute('books/', 'get')
 2 SYSTEMPATH\Router\Router.php(211): CodeIgniter\Router\Router->autoRoute('books/')
 3 SYSTEMPATH\CodeIgniter.php(823): CodeIgniter\Router\Router->handle('books/')
 4 SYSTEMPATH\CodeIgniter.php(450): CodeIgniter\CodeIgniter->tryToRouteIt(Object(CodeIgniter\Router\RouteCollection))
 5 SYSTEMPATH\CodeIgniter.php(361): CodeIgniter\CodeIgniter->handleRequest(null, Object(Config\Cache), false)
 6 FCPATH\index.php(79): CodeIgniter\CodeIgniter->run()
 7 SYSTEMPATH\Commands\Server\rewrite.php(47): require_once('C:\\Users\\PC08\\Pemweb-2\\project-root\\public\\index.php')
CRITICAL - 2024-05-13 04:38:13 --> ParseError: syntax error, unexpected single-quoted string "validation", expecting "]"
in APPPATH\Controllers\Books.php on line 49.
 1 SYSTEMPATH\Router\Router.php(515): CodeIgniter\Router\AutoRouter->getRoute('books/', 'get')
 2 SYSTEMPATH\Router\Router.php(211): CodeIgniter\Router\Router->autoRoute('books/')
 3 SYSTEMPATH\CodeIgniter.php(823): CodeIgniter\Router\Router->handle('books/')
 4 SYSTEMPATH\CodeIgniter.php(450): CodeIgniter\CodeIgniter->tryToRouteIt(Object(CodeIgniter\Router\RouteCollection))
 5 SYSTEMPATH\CodeIgniter.php(361): CodeIgniter\CodeIgniter->handleRequest(null, Object(Config\Cache), false)
 6 FCPATH\index.php(79): CodeIgniter\CodeIgniter->run()
 7 SYSTEMPATH\Commands\Server\rewrite.php(47): require_once('C:\\Users\\PC08\\Pemweb-2\\project-root\\public\\index.php')
CRITICAL - 2024-05-13 04:48:06 --> ParseError: syntax error, unexpected single-quoted string "validation", expecting "]"
in APPPATH\Controllers\Books.php on line 49.
 1 SYSTEMPATH\Router\Router.php(515): CodeIgniter\Router\AutoRouter->getRoute('books/', 'get')
 2 SYSTEMPATH\Router\Router.php(211): CodeIgniter\Router\Router->autoRoute('books/')
 3 SYSTEMPATH\CodeIgniter.php(823): CodeIgniter\Router\Router->handle('books/')
 4 SYSTEMPATH\CodeIgniter.php(450): CodeIgniter\CodeIgniter->tryToRouteIt(Object(CodeIgniter\Router\RouteCollection))
 5 SYSTEMPATH\CodeIgniter.php(361): CodeIgniter\CodeIgniter->handleRequest(null, Object(Config\Cache), false)
 6 FCPATH\index.php(79): CodeIgniter\CodeIgniter->run()
 7 SYSTEMPATH\Commands\Server\rewrite.php(47): require_once('C:\\Users\\PC08\\Pemweb-2\\project-root\\public\\index.php')
CRITICAL - 2024-05-13 04:52:23 --> ParseError: syntax error, unexpected single-quoted string "validation", expecting "]"
in APPPATH\Controllers\Books.php on line 49.
 1 SYSTEMPATH\Router\Router.php(515): CodeIgniter\Router\AutoRouter->getRoute('books/', 'get')
 2 SYSTEMPATH\Router\Router.php(211): CodeIgniter\Router\Router->autoRoute('books/')
 3 SYSTEMPATH\CodeIgniter.php(823): CodeIgniter\Router\Router->handle('books/')
 4 SYSTEMPATH\CodeIgniter.php(450): CodeIgniter\CodeIgniter->tryToRouteIt(Object(CodeIgniter\Router\RouteCollection))
 5 SYSTEMPATH\CodeIgniter.php(361): CodeIgniter\CodeIgniter->handleRequest(null, Object(Config\Cache), false)
 6 FCPATH\index.php(79): CodeIgniter\CodeIgniter->run()
 7 SYSTEMPATH\Commands\Server\rewrite.php(47): require_once('C:\\Users\\PC08\\Pemweb-2\\project-root\\public\\index.php')
CRITICAL - 2024-05-13 04:52:47 --> ParseError: syntax error, unexpected single-quoted string "validation", expecting "]"
in APPPATH\Controllers\Books.php on line 49.
 1 SYSTEMPATH\Router\Router.php(515): CodeIgniter\Router\AutoRouter->getRoute('books/', 'get')
 2 SYSTEMPATH\Router\Router.php(211): CodeIgniter\Router\Router->autoRoute('books/')
 3 SYSTEMPATH\CodeIgniter.php(823): CodeIgniter\Router\Router->handle('books/')
 4 SYSTEMPATH\CodeIgniter.php(450): CodeIgniter\CodeIgniter->tryToRouteIt(Object(CodeIgniter\Router\RouteCollection))
 5 SYSTEMPATH\CodeIgniter.php(361): CodeIgniter\CodeIgniter->handleRequest(null, Object(Config\Cache), false)
 6 FCPATH\index.php(79): CodeIgniter\CodeIgniter->run()
 7 SYSTEMPATH\Commands\Server\rewrite.php(47): require_once('C:\\Users\\PC08\\Pemweb-2\\project-root\\public\\index.php')
CRITICAL - 2024-05-13 04:53:39 --> ParseError: syntax error, unexpected single-quoted string "validation", expecting "]"
in APPPATH\Controllers\Books.php on line 49.
 1 SYSTEMPATH\Router\Router.php(515): CodeIgniter\Router\AutoRouter->getRoute('books/', 'get')
 2 SYSTEMPATH\Router\Router.php(211): CodeIgniter\Router\Router->autoRoute('books/')
 3 SYSTEMPATH\CodeIgniter.php(823): CodeIgniter\Router\Router->handle('books/')
 4 SYSTEMPATH\CodeIgniter.php(450): CodeIgniter\CodeIgniter->tryToRouteIt(Object(CodeIgniter\Router\RouteCollection))
 5 SYSTEMPATH\CodeIgniter.php(361): CodeIgniter\CodeIgniter->handleRequest(null, Object(Config\Cache), false)
 6 FCPATH\index.php(79): CodeIgniter\CodeIgniter->run()
 7 SYSTEMPATH\Commands\Server\rewrite.php(47): require_once('C:\\Users\\PC08\\Pemweb-2\\project-root\\public\\index.php')
INFO - 2024-05-13 04:53:42 --> Session: Class initialized using 'CodeIgniter\Session\Handlers\FileHandler' driver.
INFO - 2024-05-13 04:53:45 --> Session: Class initialized using 'CodeIgniter\Session\Handlers\FileHandler' driver.
CRITICAL - 2024-05-13 04:53:45 --> ParseError: syntax error, unexpected single-quoted string "validation", expecting "]"
in APPPATH\Controllers\Books.php on line 49.
 1 SYSTEMPATH\Router\Router.php(515): CodeIgniter\Router\AutoRouter->getRoute('books/', 'get')
 2 SYSTEMPATH\Router\Router.php(211): CodeIgniter\Router\Router->autoRoute('books/')
 3 SYSTEMPATH\CodeIgniter.php(823): CodeIgniter\Router\Router->handle('books/')
 4 SYSTEMPATH\CodeIgniter.php(450): CodeIgniter\CodeIgniter->tryToRouteIt(Object(CodeIgniter\Router\RouteCollection))
 5 SYSTEMPATH\CodeIgniter.php(361): CodeIgniter\CodeIgniter->handleRequest(null, Object(Config\Cache), false)
 6 FCPATH\index.php(79): CodeIgniter\CodeIgniter->run()
 7 SYSTEMPATH\Commands\Server\rewrite.php(47): require_once('C:\\Users\\PC08\\Pemweb-2\\project-root\\public\\index.php')
CRITICAL - 2024-05-13 04:57:00 --> ParseError: syntax error, unexpected single-quoted string "validation", expecting "]"
in APPPATH\Controllers\Books.php on line 49.
 1 SYSTEMPATH\Router\Router.php(515): CodeIgniter\Router\AutoRouter->getRoute('books/', 'get')
 2 SYSTEMPATH\Router\Router.php(211): CodeIgniter\Router\Router->autoRoute('books/')
 3 SYSTEMPATH\CodeIgniter.php(823): CodeIgniter\Router\Router->handle('books/')
 4 SYSTEMPATH\CodeIgniter.php(450): CodeIgniter\CodeIgniter->tryToRouteIt(Object(CodeIgniter\Router\RouteCollection))
 5 SYSTEMPATH\CodeIgniter.php(361): CodeIgniter\CodeIgniter->handleRequest(null, Object(Config\Cache), false)
 6 FCPATH\index.php(79): CodeIgniter\CodeIgniter->run()
 7 SYSTEMPATH\Commands\Server\rewrite.php(47): require_once('C:\\Users\\PC08\\Pemweb-2\\project-root\\public\\index.php')
CRITICAL - 2024-05-13 04:58:26 --> ParseError: syntax error, unexpected single-quoted string "validation", expecting "]"
in APPPATH\Controllers\Books.php on line 49.
 1 SYSTEMPATH\Router\Router.php(515): CodeIgniter\Router\AutoRouter->getRoute('books/', 'get')
 2 SYSTEMPATH\Router\Router.php(211): CodeIgniter\Router\Router->autoRoute('books/')
 3 SYSTEMPATH\CodeIgniter.php(823): CodeIgniter\Router\Router->handle('books/')
 4 SYSTEMPATH\CodeIgniter.php(450): CodeIgniter\CodeIgniter->tryToRouteIt(Object(CodeIgniter\Router\RouteCollection))
 5 SYSTEMPATH\CodeIgniter.php(361): CodeIgniter\CodeIgniter->handleRequest(null, Object(Config\Cache), false)
 6 FCPATH\index.php(79): CodeIgniter\CodeIgniter->run()
 7 SYSTEMPATH\Commands\Server\rewrite.php(47): require_once('C:\\Users\\PC08\\Pemweb-2\\project-root\\public\\index.php')
CRITICAL - 2024-05-13 04:59:08 --> ParseError: syntax error, unexpected single-quoted string "validation", expecting "]"
in APPPATH\Controllers\Books.php on line 49.
 1 SYSTEMPATH\Router\Router.php(515): CodeIgniter\Router\AutoRouter->getRoute('books/', 'get')
 2 SYSTEMPATH\Router\Router.php(211): CodeIgniter\Router\Router->autoRoute('books/')
 3 SYSTEMPATH\CodeIgniter.php(823): CodeIgniter\Router\Router->handle('books/')
 4 SYSTEMPATH\CodeIgniter.php(450): CodeIgniter\CodeIgniter->tryToRouteIt(Object(CodeIgniter\Router\RouteCollection))
 5 SYSTEMPATH\CodeIgniter.php(361): CodeIgniter\CodeIgniter->handleRequest(null, Object(Config\Cache), false)
 6 FCPATH\index.php(79): CodeIgniter\CodeIgniter->run()
 7 SYSTEMPATH\Commands\Server\rewrite.php(47): require_once('C:\\Users\\PC08\\Pemweb-2\\project-root\\public\\index.php')
CRITICAL - 2024-05-13 05:08:10 --> ParseError: syntax error, unexpected single-quoted string "validation", expecting "]"
in APPPATH\Controllers\Books.php on line 49.
 1 SYSTEMPATH\Router\Router.php(515): CodeIgniter\Router\AutoRouter->getRoute('books/', 'get')
 2 SYSTEMPATH\Router\Router.php(211): CodeIgniter\Router\Router->autoRoute('books/')
 3 SYSTEMPATH\CodeIgniter.php(823): CodeIgniter\Router\Router->handle('books/')
 4 SYSTEMPATH\CodeIgniter.php(450): CodeIgniter\CodeIgniter->tryToRouteIt(Object(CodeIgniter\Router\RouteCollection))
 5 SYSTEMPATH\CodeIgniter.php(361): CodeIgniter\CodeIgniter->handleRequest(null, Object(Config\Cache), false)
 6 FCPATH\index.php(79): CodeIgniter\CodeIgniter->run()
 7 SYSTEMPATH\Commands\Server\rewrite.php(47): require_once('C:\\Users\\PC08\\Pemweb-2\\project-root\\public\\index.php')
CRITICAL - 2024-05-13 05:08:19 --> ParseError: syntax error, unexpected single-quoted string "validation", expecting "]"
in APPPATH\Controllers\Books.php on line 49.
 1 SYSTEMPATH\Router\Router.php(515): CodeIgniter\Router\AutoRouter->getRoute('books/', 'get')
 2 SYSTEMPATH\Router\Router.php(211): CodeIgniter\Router\Router->autoRoute('books/')
 3 SYSTEMPATH\CodeIgniter.php(823): CodeIgniter\Router\Router->handle('books/')
 4 SYSTEMPATH\CodeIgniter.php(450): CodeIgniter\CodeIgniter->tryToRouteIt(Object(CodeIgniter\Router\RouteCollection))
 5 SYSTEMPATH\CodeIgniter.php(361): CodeIgniter\CodeIgniter->handleRequest(null, Object(Config\Cache), false)
 6 FCPATH\index.php(79): CodeIgniter\CodeIgniter->run()
 7 SYSTEMPATH\Commands\Server\rewrite.php(47): require_once('C:\\Users\\PC08\\Pemweb-2\\project-root\\public\\index.php')
CRITICAL - 2024-05-13 05:10:40 --> ParseError: syntax error, unexpected single-quoted string "validation", expecting "]"
in APPPATH\Controllers\Books.php on line 49.
 1 SYSTEMPATH\Router\Router.php(515): CodeIgniter\Router\AutoRouter->getRoute('books/', 'get')
 2 SYSTEMPATH\Router\Router.php(211): CodeIgniter\Router\Router->autoRoute('books/')
 3 SYSTEMPATH\CodeIgniter.php(823): CodeIgniter\Router\Router->handle('books/')
 4 SYSTEMPATH\CodeIgniter.php(450): CodeIgniter\CodeIgniter->tryToRouteIt(Object(CodeIgniter\Router\RouteCollection))
 5 SYSTEMPATH\CodeIgniter.php(361): CodeIgniter\CodeIgniter->handleRequest(null, Object(Config\Cache), false)
 6 FCPATH\index.php(79): CodeIgniter\CodeIgniter->run()
 7 SYSTEMPATH\Commands\Server\rewrite.php(47): require_once('C:\\Users\\PC08\\Pemweb-2\\project-root\\public\\index.php')
INFO - 2024-05-13 05:12:42 --> Session: Class initialized using 'CodeIgniter\Session\Handlers\FileHandler' driver.
CRITICAL - 2024-05-13 05:12:45 --> ParseError: syntax error, unexpected single-quoted string "validation", expecting "]"
in APPPATH\Controllers\Books.php on line 49.
 1 SYSTEMPATH\Router\Router.php(515): CodeIgniter\Router\AutoRouter->getRoute('books/', 'get')
 2 SYSTEMPATH\Router\Router.php(211): CodeIgniter\Router\Router->autoRoute('books/')
 3 SYSTEMPATH\CodeIgniter.php(823): CodeIgniter\Router\Router->handle('books/')
 4 SYSTEMPATH\CodeIgniter.php(450): CodeIgniter\CodeIgniter->tryToRouteIt(Object(CodeIgniter\Router\RouteCollection))
 5 SYSTEMPATH\CodeIgniter.php(361): CodeIgniter\CodeIgniter->handleRequest(null, Object(Config\Cache), false)
 6 FCPATH\index.php(79): CodeIgniter\CodeIgniter->run()
 7 SYSTEMPATH\Commands\Server\rewrite.php(47): require_once('C:\\Users\\PC08\\Pemweb-2\\project-root\\public\\index.php')
CRITICAL - 2024-05-13 05:15:45 --> ParseError: syntax error, unexpected single-quoted string "validation", expecting "]"
in APPPATH\Controllers\Books.php on line 49.
 1 SYSTEMPATH\Router\Router.php(515): CodeIgniter\Router\AutoRouter->getRoute('books/', 'get')
 2 SYSTEMPATH\Router\Router.php(211): CodeIgniter\Router\Router->autoRoute('books/')
 3 SYSTEMPATH\CodeIgniter.php(823): CodeIgniter\Router\Router->handle('books/')
 4 SYSTEMPATH\CodeIgniter.php(450): CodeIgniter\CodeIgniter->tryToRouteIt(Object(CodeIgniter\Router\RouteCollection))
 5 SYSTEMPATH\CodeIgniter.php(361): CodeIgniter\CodeIgniter->handleRequest(null, Object(Config\Cache), false)
 6 FCPATH\index.php(79): CodeIgniter\CodeIgniter->run()
 7 SYSTEMPATH\Commands\Server\rewrite.php(47): require_once('C:\\Users\\PC08\\Pemweb-2\\project-root\\public\\index.php')
INFO - 2024-05-13 05:16:50 --> Session: Class initialized using 'CodeIgniter\Session\Handlers\FileHandler' driver.
CRITICAL - 2024-05-13 05:17:01 --> ParseError: syntax error, unexpected single-quoted string "validation", expecting "]"
in APPPATH\Controllers\Books.php on line 49.
 1 SYSTEMPATH\Router\Router.php(515): CodeIgniter\Router\AutoRouter->getRoute('books/', 'get')
 2 SYSTEMPATH\Router\Router.php(211): CodeIgniter\Router\Router->autoRoute('books/')
 3 SYSTEMPATH\CodeIgniter.php(823): CodeIgniter\Router\Router->handle('books/')
 4 SYSTEMPATH\CodeIgniter.php(450): CodeIgniter\CodeIgniter->tryToRouteIt(Object(CodeIgniter\Router\RouteCollection))
 5 SYSTEMPATH\CodeIgniter.php(361): CodeIgniter\CodeIgniter->handleRequest(null, Object(Config\Cache), false)
 6 FCPATH\index.php(79): CodeIgniter\CodeIgniter->run()
 7 SYSTEMPATH\Commands\Server\rewrite.php(47): require_once('C:\\Users\\PC08\\Pemweb-2\\project-root\\public\\index.php')
INFO - 2024-05-13 05:17:05 --> Session: Class initialized using 'CodeIgniter\Session\Handlers\FileHandler' driver.
INFO - 2024-05-13 05:18:54 --> Session: Class initialized using 'CodeIgniter\Session\Handlers\FileHandler' driver.
INFO - 2024-05-13 05:18:57 --> Session: Class initialized using 'CodeIgniter\Session\Handlers\FileHandler' driver.
INFO - 2024-05-13 05:18:58 --> Session: Class initialized using 'CodeIgniter\Session\Handlers\FileHandler' driver.
INFO - 2024-05-13 05:18:59 --> Session: Class initialized using 'CodeIgniter\Session\Handlers\FileHandler' driver.
INFO - 2024-05-13 05:19:01 --> Session: Class initialized using 'CodeIgniter\Session\Handlers\FileHandler' driver.
INFO - 2024-05-13 05:19:02 --> Session: Class initialized using 'CodeIgniter\Session\Handlers\FileHandler' driver.
INFO - 2024-05-13 05:19:03 --> Session: Class initialized using 'CodeIgniter\Session\Handlers\FileHandler' driver.
INFO - 2024-05-13 05:19:34 --> Session: Class initialized using 'CodeIgniter\Session\Handlers\FileHandler' driver.
INFO - 2024-05-13 05:19:35 --> Session: Class initialized using 'CodeIgniter\Session\Handlers\FileHandler' driver.
INFO - 2024-05-13 05:19:36 --> Session: Class initialized using 'CodeIgniter\Session\Handlers\FileHandler' driver.
INFO - 2024-05-13 05:19:38 --> Session: Class initialized using 'CodeIgniter\Session\Handlers\FileHandler' driver.
CRITICAL - 2024-05-13 05:20:18 --> ParseError: syntax error, unexpected identifier "judul", expecting ")"
in APPPATH\Controllers\Books.php on line 58.
 1 SYSTEMPATH\Router\Router.php(515): CodeIgniter\Router\AutoRouter->getRoute('books/', 'get')
 2 SYSTEMPATH\Router\Router.php(211): CodeIgniter\Router\Router->autoRoute('books/')
 3 SYSTEMPATH\CodeIgniter.php(823): CodeIgniter\Router\Router->handle('books/')
 4 SYSTEMPATH\CodeIgniter.php(450): CodeIgniter\CodeIgniter->tryToRouteIt(Object(CodeIgniter\Router\RouteCollection))
 5 SYSTEMPATH\CodeIgniter.php(361): CodeIgniter\CodeIgniter->handleRequest(null, Object(Config\Cache), false)
 6 FCPATH\index.php(79): CodeIgniter\CodeIgniter->run()
 7 SYSTEMPATH\Commands\Server\rewrite.php(47): require_once('C:\\Users\\PC08\\Pemweb-2\\project-root\\public\\index.php')
CRITICAL - 2024-05-13 05:20:23 --> ParseError: syntax error, unexpected identifier "judul", expecting ")"
in APPPATH\Controllers\Books.php on line 58.
 1 SYSTEMPATH\Router\Router.php(515): CodeIgniter\Router\AutoRouter->getRoute('books/', 'get')
 2 SYSTEMPATH\Router\Router.php(211): CodeIgniter\Router\Router->autoRoute('books/')
 3 SYSTEMPATH\CodeIgniter.php(823): CodeIgniter\Router\Router->handle('books/')
 4 SYSTEMPATH\CodeIgniter.php(450): CodeIgniter\CodeIgniter->tryToRouteIt(Object(CodeIgniter\Router\RouteCollection))
 5 SYSTEMPATH\CodeIgniter.php(361): CodeIgniter\CodeIgniter->handleRequest(null, Object(Config\Cache), false)
 6 FCPATH\index.php(79): CodeIgniter\CodeIgniter->run()
 7 SYSTEMPATH\Commands\Server\rewrite.php(47): require_once('C:\\Users\\PC08\\Pemweb-2\\project-root\\public\\index.php')
INFO - 2024-05-13 05:20:24 --> Session: Class initialized using 'CodeIgniter\Session\Handlers\FileHandler' driver.
INFO - 2024-05-13 05:20:33 --> Session: Class initialized using 'CodeIgniter\Session\Handlers\FileHandler' driver.
INFO - 2024-05-13 05:20:35 --> Session: Class initialized using 'CodeIgniter\Session\Handlers\FileHandler' driver.
INFO - 2024-05-13 05:20:37 --> Session: Class initialized using 'CodeIgniter\Session\Handlers\FileHandler' driver.
INFO - 2024-05-13 05:20:39 --> Session: Class initialized using 'CodeIgniter\Session\Handlers\FileHandler' driver.
INFO - 2024-05-13 05:20:40 --> Session: Class initialized using 'CodeIgniter\Session\Handlers\FileHandler' driver.
INFO - 2024-05-13 05:20:41 --> Session: Class initialized using 'CodeIgniter\Session\Handlers\FileHandler' driver.
INFO - 2024-05-13 05:20:42 --> Session: Class initialized using 'CodeIgniter\Session\Handlers\FileHandler' driver.
INFO - 2024-05-13 05:21:36 --> Session: Class initialized using 'CodeIgniter\Session\Handlers\FileHandler' driver.
INFO - 2024-05-13 05:24:37 --> Session: Class initialized using 'CodeIgniter\Session\Handlers\FileHandler' driver.
ERROR - 2024-05-13 05:24:37 --> mysqli_sql_exception: Table 'ci4.buku' doesn't exist in C:\Users\PC08\Pemweb-2\project-root\vendor\codeigniter4\framework\system\Database\MySQLi\Connection.php:306
Stack trace:
#0 C:\Users\PC08\Pemweb-2\project-root\vendor\codeigniter4\framework\system\Database\MySQLi\Connection.php(306): mysqli->query('SELECT 1\nFROM `...', 0)
#1 C:\Users\PC08\Pemweb-2\project-root\vendor\codeigniter4\framework\system\Database\BaseConnection.php(693): CodeIgniter\Database\MySQLi\Connection->execute('SELECT 1\nFROM `...')
#2 C:\Users\PC08\Pemweb-2\project-root\vendor\codeigniter4\framework\system\Database\BaseConnection.php(607): CodeIgniter\Database\BaseConnection->simpleQuery('SELECT 1\nFROM `...')
#3 C:\Users\PC08\Pemweb-2\project-root\vendor\codeigniter4\framework\system\Database\BaseBuilder.php(1616): CodeIgniter\Database\BaseConnection->query('SELECT 1\nFROM `...', Array, false)
#4 C:\Users\PC08\Pemweb-2\project-root\vendor\codeigniter4\framework\system\Validation\StrictRules\Rules.php(227): CodeIgniter\Database\BaseBuilder->get()
#5 C:\Users\PC08\Pemweb-2\project-root\vendor\codeigniter4\framework\system\Validation\Validation.php(328): CodeIgniter\Validation\StrictRules\Rules->is_unique('p', 'judul', Array, NULL, 'judul')
#6 C:\Users\PC08\Pemweb-2\project-root\vendor\codeigniter4\framework\system\Validation\Validation.php(200): CodeIgniter\Validation\Validation->processRules('judul', 'judul', 'p', Array, Array)
#7 C:\Users\PC08\Pemweb-2\project-root\vendor\codeigniter4\framework\system\Controller.php(152): CodeIgniter\Validation\Validation->run()
#8 C:\Users\PC08\Pemweb-2\project-root\app\Controllers\Books.php(57): CodeIgniter\Controller->validate(Array)
#9 C:\Users\PC08\Pemweb-2\project-root\vendor\codeigniter4\framework\system\CodeIgniter.php(941): App\Controllers\Books->save()
#10 C:\Users\PC08\Pemweb-2\project-root\vendor\codeigniter4\framework\system\CodeIgniter.php(502): CodeIgniter\CodeIgniter->runController(Object(App\Controllers\Books))
#11 C:\Users\PC08\Pemweb-2\project-root\vendor\codeigniter4\framework\system\CodeIgniter.php(361): CodeIgniter\CodeIgniter->handleRequest(NULL, Object(Config\Cache), false)
#12 C:\Users\PC08\Pemweb-2\project-root\public\index.php(79): CodeIgniter\CodeIgniter->run()
#13 C:\Users\PC08\Pemweb-2\project-root\vendor\codeigniter4\framework\system\Commands\Server\rewrite.php(47): require_once('C:\\Users\\PC08\\P...')
#14 {main}
CRITICAL - 2024-05-13 05:24:37 --> CodeIgniter\Database\Exceptions\DatabaseException: Table 'ci4.buku' doesn't exist
in SYSTEMPATH\Database\BaseConnection.php on line 647.
 1 SYSTEMPATH\Database\BaseBuilder.php(1616): CodeIgniter\Database\BaseConnection->query('SELECT 1
FROM `buku`
WHERE `judul` = :judul:
 LIMIT 1', [...], false)
 2 SYSTEMPATH\Validation\StrictRules\Rules.php(227): CodeIgniter\Database\BaseBuilder->get()
 3 SYSTEMPATH\Validation\Validation.php(328): CodeIgniter\Validation\StrictRules\Rules->is_unique('p', 'judul', [...], null, 'judul')
 4 SYSTEMPATH\Validation\Validation.php(200): CodeIgniter\Validation\Validation->processRules('judul', 'judul', 'p', [...], [...])
 5 SYSTEMPATH\Controller.php(152): CodeIgniter\Validation\Validation->run()
 6 APPPATH\Controllers\Books.php(57): CodeIgniter\Controller->validate([...])
 7 SYSTEMPATH\CodeIgniter.php(941): App\Controllers\Books->save()
 8 SYSTEMPATH\CodeIgniter.php(502): CodeIgniter\CodeIgniter->runController(Object(App\Controllers\Books))
 9 SYSTEMPATH\CodeIgniter.php(361): CodeIgniter\CodeIgniter->handleRequest(null, Object(Config\Cache), false)
10 FCPATH\index.php(79): CodeIgniter\CodeIgniter->run()
11 SYSTEMPATH\Commands\Server\rewrite.php(47): require_once('C:\\Users\\PC08\\Pemweb-2\\project-root\\public\\index.php')
CRITICAL - 2024-05-13 05:24:37 --> [Caused by] CodeIgniter\Database\Exceptions\DatabaseException: Table 'ci4.buku' doesn't exist
in SYSTEMPATH\Database\MySQLi\Connection.php on line 311.
 1 SYSTEMPATH\Database\BaseConnection.php(693): CodeIgniter\Database\MySQLi\Connection->execute('SELECT 1
FROM `buku`
WHERE `judul` = \'p\'
 LIMIT 1')
 2 SYSTEMPATH\Database\BaseConnection.php(607): CodeIgniter\Database\BaseConnection->simpleQuery('SELECT 1
FROM `buku`
WHERE `judul` = \'p\'
 LIMIT 1')
 3 SYSTEMPATH\Database\BaseBuilder.php(1616): CodeIgniter\Database\BaseConnection->query('SELECT 1
FROM `buku`
WHERE `judul` = :judul:
 LIMIT 1', [...], false)
 4 SYSTEMPATH\Validation\StrictRules\Rules.php(227): CodeIgniter\Database\BaseBuilder->get()
 5 SYSTEMPATH\Validation\Validation.php(328): CodeIgniter\Validation\StrictRules\Rules->is_unique('p', 'judul', [...], null, 'judul')
 6 SYSTEMPATH\Validation\Validation.php(200): CodeIgniter\Validation\Validation->processRules('judul', 'judul', 'p', [...], [...])
 7 SYSTEMPATH\Controller.php(152): CodeIgniter\Validation\Validation->run()
 8 APPPATH\Controllers\Books.php(57): CodeIgniter\Controller->validate([...])
 9 SYSTEMPATH\CodeIgniter.php(941): App\Controllers\Books->save()
10 SYSTEMPATH\CodeIgniter.php(502): CodeIgniter\CodeIgniter->runController(Object(App\Controllers\Books))
11 SYSTEMPATH\CodeIgniter.php(361): CodeIgniter\CodeIgniter->handleRequest(null, Object(Config\Cache), false)
12 FCPATH\index.php(79): CodeIgniter\CodeIgniter->run()
13 SYSTEMPATH\Commands\Server\rewrite.php(47): require_once('C:\\Users\\PC08\\Pemweb-2\\project-root\\public\\index.php')
CRITICAL - 2024-05-13 05:24:37 --> [Caused by] mysqli_sql_exception: Table 'ci4.buku' doesn't exist
in SYSTEMPATH\Database\MySQLi\Connection.php on line 306.
 1 SYSTEMPATH\Database\MySQLi\Connection.php(306): mysqli->query('SELECT 1
FROM `buku`
WHERE `judul` = \'p\'
 LIMIT 1', 0)
 2 SYSTEMPATH\Database\BaseConnection.php(693): CodeIgniter\Database\MySQLi\Connection->execute('SELECT 1
FROM `buku`
WHERE `judul` = \'p\'
 LIMIT 1')
 3 SYSTEMPATH\Database\BaseConnection.php(607): CodeIgniter\Database\BaseConnection->simpleQuery('SELECT 1
FROM `buku`
WHERE `judul` = \'p\'
 LIMIT 1')
 4 SYSTEMPATH\Database\BaseBuilder.php(1616): CodeIgniter\Database\BaseConnection->query('SELECT 1
FROM `buku`
WHERE `judul` = :judul:
 LIMIT 1', [...], false)
 5 SYSTEMPATH\Validation\StrictRules\Rules.php(227): CodeIgniter\Database\BaseBuilder->get()
 6 SYSTEMPATH\Validation\Validation.php(328): CodeIgniter\Validation\StrictRules\Rules->is_unique('p', 'judul', [...], null, 'judul')
 7 SYSTEMPATH\Validation\Validation.php(200): CodeIgniter\Validation\Validation->processRules('judul', 'judul', 'p', [...], [...])
 8 SYSTEMPATH\Controller.php(152): CodeIgniter\Validation\Validation->run()
 9 APPPATH\Controllers\Books.php(57): CodeIgniter\Controller->validate([...])
10 SYSTEMPATH\CodeIgniter.php(941): App\Controllers\Books->save()
11 SYSTEMPATH\CodeIgniter.php(502): CodeIgniter\CodeIgniter->runController(Object(App\Controllers\Books))
12 SYSTEMPATH\CodeIgniter.php(361): CodeIgniter\CodeIgniter->handleRequest(null, Object(Config\Cache), false)
13 FCPATH\index.php(79): CodeIgniter\CodeIgniter->run()
14 SYSTEMPATH\Commands\Server\rewrite.php(47): require_once('C:\\Users\\PC08\\Pemweb-2\\project-root\\public\\index.php')
INFO - 2024-05-13 05:24:40 --> Session: Class initialized using 'CodeIgniter\Session\Handlers\FileHandler' driver.
INFO - 2024-05-13 05:24:54 --> Session: Class initialized using 'CodeIgniter\Session\Handlers\FileHandler' driver.
ERROR - 2024-05-13 05:24:54 --> mysqli_sql_exception: Table 'ci4.buku' doesn't exist in C:\Users\PC08\Pemweb-2\project-root\vendor\codeigniter4\framework\system\Database\MySQLi\Connection.php:306
Stack trace:
#0 C:\Users\PC08\Pemweb-2\project-root\vendor\codeigniter4\framework\system\Database\MySQLi\Connection.php(306): mysqli->query('SELECT 1\nFROM `...', 0)
#1 C:\Users\PC08\Pemweb-2\project-root\vendor\codeigniter4\framework\system\Database\BaseConnection.php(693): CodeIgniter\Database\MySQLi\Connection->execute('SELECT 1\nFROM `...')
#2 C:\Users\PC08\Pemweb-2\project-root\vendor\codeigniter4\framework\system\Database\BaseConnection.php(607): CodeIgniter\Database\BaseConnection->simpleQuery('SELECT 1\nFROM `...')
#3 C:\Users\PC08\Pemweb-2\project-root\vendor\codeigniter4\framework\system\Database\BaseBuilder.php(1616): CodeIgniter\Database\BaseConnection->query('SELECT 1\nFROM `...', Array, false)
#4 C:\Users\PC08\Pemweb-2\project-root\vendor\codeigniter4\framework\system\Validation\StrictRules\Rules.php(227): CodeIgniter\Database\BaseBuilder->get()
#5 C:\Users\PC08\Pemweb-2\project-root\vendor\codeigniter4\framework\system\Validation\Validation.php(328): CodeIgniter\Validation\StrictRules\Rules->is_unique('pian', 'judul', Array, NULL, 'judul')
#6 C:\Users\PC08\Pemweb-2\project-root\vendor\codeigniter4\framework\system\Validation\Validation.php(200): CodeIgniter\Validation\Validation->processRules('judul', 'judul', 'pian', Array, Array)
#7 C:\Users\PC08\Pemweb-2\project-root\vendor\codeigniter4\framework\system\Controller.php(152): CodeIgniter\Validation\Validation->run()
#8 C:\Users\PC08\Pemweb-2\project-root\app\Controllers\Books.php(57): CodeIgniter\Controller->validate(Array)
#9 C:\Users\PC08\Pemweb-2\project-root\vendor\codeigniter4\framework\system\CodeIgniter.php(941): App\Controllers\Books->save()
#10 C:\Users\PC08\Pemweb-2\project-root\vendor\codeigniter4\framework\system\CodeIgniter.php(502): CodeIgniter\CodeIgniter->runController(Object(App\Controllers\Books))
#11 C:\Users\PC08\Pemweb-2\project-root\vendor\codeigniter4\framework\system\CodeIgniter.php(361): CodeIgniter\CodeIgniter->handleRequest(NULL, Object(Config\Cache), false)
#12 C:\Users\PC08\Pemweb-2\project-root\public\index.php(79): CodeIgniter\CodeIgniter->run()
#13 C:\Users\PC08\Pemweb-2\project-root\vendor\codeigniter4\framework\system\Commands\Server\rewrite.php(47): require_once('C:\\Users\\PC08\\P...')
#14 {main}
CRITICAL - 2024-05-13 05:24:54 --> CodeIgniter\Database\Exceptions\DatabaseException: Table 'ci4.buku' doesn't exist
in SYSTEMPATH\Database\BaseConnection.php on line 647.
 1 SYSTEMPATH\Database\BaseBuilder.php(1616): CodeIgniter\Database\BaseConnection->query('SELECT 1
FROM `buku`
WHERE `judul` = :judul:
 LIMIT 1', [...], false)
 2 SYSTEMPATH\Validation\StrictRules\Rules.php(227): CodeIgniter\Database\BaseBuilder->get()
 3 SYSTEMPATH\Validation\Validation.php(328): CodeIgniter\Validation\StrictRules\Rules->is_unique('pian', 'judul', [...], null, 'judul')
 4 SYSTEMPATH\Validation\Validation.php(200): CodeIgniter\Validation\Validation->processRules('judul', 'judul', 'pian', [...], [...])
 5 SYSTEMPATH\Controller.php(152): CodeIgniter\Validation\Validation->run()
 6 APPPATH\Controllers\Books.php(57): CodeIgniter\Controller->validate([...])
 7 SYSTEMPATH\CodeIgniter.php(941): App\Controllers\Books->save()
 8 SYSTEMPATH\CodeIgniter.php(502): CodeIgniter\CodeIgniter->runController(Object(App\Controllers\Books))
 9 SYSTEMPATH\CodeIgniter.php(361): CodeIgniter\CodeIgniter->handleRequest(null, Object(Config\Cache), false)
10 FCPATH\index.php(79): CodeIgniter\CodeIgniter->run()
11 SYSTEMPATH\Commands\Server\rewrite.php(47): require_once('C:\\Users\\PC08\\Pemweb-2\\project-root\\public\\index.php')
CRITICAL - 2024-05-13 05:24:54 --> [Caused by] CodeIgniter\Database\Exceptions\DatabaseException: Table 'ci4.buku' doesn't exist
in SYSTEMPATH\Database\MySQLi\Connection.php on line 311.
 1 SYSTEMPATH\Database\BaseConnection.php(693): CodeIgniter\Database\MySQLi\Connection->execute('SELECT 1
FROM `buku`
WHERE `judul` = \'pian\'
 LIMIT 1')
 2 SYSTEMPATH\Database\BaseConnection.php(607): CodeIgniter\Database\BaseConnection->simpleQuery('SELECT 1
FROM `buku`
WHERE `judul` = \'pian\'
 LIMIT 1')
 3 SYSTEMPATH\Database\BaseBuilder.php(1616): CodeIgniter\Database\BaseConnection->query('SELECT 1
FROM `buku`
WHERE `judul` = :judul:
 LIMIT 1', [...], false)
 4 SYSTEMPATH\Validation\StrictRules\Rules.php(227): CodeIgniter\Database\BaseBuilder->get()
 5 SYSTEMPATH\Validation\Validation.php(328): CodeIgniter\Validation\StrictRules\Rules->is_unique('pian', 'judul', [...], null, 'judul')
 6 SYSTEMPATH\Validation\Validation.php(200): CodeIgniter\Validation\Validation->processRules('judul', 'judul', 'pian', [...], [...])
 7 SYSTEMPATH\Controller.php(152): CodeIgniter\Validation\Validation->run()
 8 APPPATH\Controllers\Books.php(57): CodeIgniter\Controller->validate([...])
 9 SYSTEMPATH\CodeIgniter.php(941): App\Controllers\Books->save()
10 SYSTEMPATH\CodeIgniter.php(502): CodeIgniter\CodeIgniter->runController(Object(App\Controllers\Books))
11 SYSTEMPATH\CodeIgniter.php(361): CodeIgniter\CodeIgniter->handleRequest(null, Object(Config\Cache), false)
12 FCPATH\index.php(79): CodeIgniter\CodeIgniter->run()
13 SYSTEMPATH\Commands\Server\rewrite.php(47): require_once('C:\\Users\\PC08\\Pemweb-2\\project-root\\public\\index.php')
CRITICAL - 2024-05-13 05:24:54 --> [Caused by] mysqli_sql_exception: Table 'ci4.buku' doesn't exist
in SYSTEMPATH\Database\MySQLi\Connection.php on line 306.
 1 SYSTEMPATH\Database\MySQLi\Connection.php(306): mysqli->query('SELECT 1
FROM `buku`
WHERE `judul` = \'pian\'
 LIMIT 1', 0)
 2 SYSTEMPATH\Database\BaseConnection.php(693): CodeIgniter\Database\MySQLi\Connection->execute('SELECT 1
FROM `buku`
WHERE `judul` = \'pian\'
 LIMIT 1')
 3 SYSTEMPATH\Database\BaseConnection.php(607): CodeIgniter\Database\BaseConnection->simpleQuery('SELECT 1
FROM `buku`
WHERE `judul` = \'pian\'
 LIMIT 1')
 4 SYSTEMPATH\Database\BaseBuilder.php(1616): CodeIgniter\Database\BaseConnection->query('SELECT 1
FROM `buku`
WHERE `judul` = :judul:
 LIMIT 1', [...], false)
 5 SYSTEMPATH\Validation\StrictRules\Rules.php(227): CodeIgniter\Database\BaseBuilder->get()
 6 SYSTEMPATH\Validation\Validation.php(328): CodeIgniter\Validation\StrictRules\Rules->is_unique('pian', 'judul', [...], null, 'judul')
 7 SYSTEMPATH\Validation\Validation.php(200): CodeIgniter\Validation\Validation->processRules('judul', 'judul', 'pian', [...], [...])
 8 SYSTEMPATH\Controller.php(152): CodeIgniter\Validation\Validation->run()
 9 APPPATH\Controllers\Books.php(57): CodeIgniter\Controller->validate([...])
10 SYSTEMPATH\CodeIgniter.php(941): App\Controllers\Books->save()
11 SYSTEMPATH\CodeIgniter.php(502): CodeIgniter\CodeIgniter->runController(Object(App\Controllers\Books))
12 SYSTEMPATH\CodeIgniter.php(361): CodeIgniter\CodeIgniter->handleRequest(null, Object(Config\Cache), false)
13 FCPATH\index.php(79): CodeIgniter\CodeIgniter->run()
14 SYSTEMPATH\Commands\Server\rewrite.php(47): require_once('C:\\Users\\PC08\\Pemweb-2\\project-root\\public\\index.php')
INFO - 2024-05-13 05:25:16 --> Session: Class initialized using 'CodeIgniter\Session\Handlers\FileHandler' driver.
INFO - 2024-05-13 05:25:50 --> Session: Class initialized using 'CodeIgniter\Session\Handlers\FileHandler' driver.
INFO - 2024-05-13 05:25:52 --> Session: Class initialized using 'CodeIgniter\Session\Handlers\FileHandler' driver.
INFO - 2024-05-13 05:25:55 --> Session: Class initialized using 'CodeIgniter\Session\Handlers\FileHandler' driver.
INFO - 2024-05-13 05:29:58 --> Session: Class initialized using 'CodeIgniter\Session\Handlers\FileHandler' driver.
INFO - 2024-05-13 05:30:02 --> Session: Class initialized using 'CodeIgniter\Session\Handlers\FileHandler' driver.
INFO - 2024-05-13 05:30:03 --> Session: Class initialized using 'CodeIgniter\Session\Handlers\FileHandler' driver.
INFO - 2024-05-13 05:30:08 --> Session: Class initialized using 'CodeIgniter\Session\Handlers\FileHandler' driver.
INFO - 2024-05-13 05:30:11 --> Session: Class initialized using 'CodeIgniter\Session\Handlers\FileHandler' driver.
INFO - 2024-05-13 05:39:23 --> Session: Class initialized using 'CodeIgniter\Session\Handlers\FileHandler' driver.
INFO - 2024-05-13 05:40:02 --> Session: Class initialized using 'CodeIgniter\Session\Handlers\FileHandler' driver.
ERROR - 2024-05-13 05:40:02 --> mysqli_sql_exception: Table 'ci4.buku' doesn't exist in C:\Users\PC08\Pemweb-2\project-root\vendor\codeigniter4\framework\system\Database\MySQLi\Connection.php:306
Stack trace:
#0 C:\Users\PC08\Pemweb-2\project-root\vendor\codeigniter4\framework\system\Database\MySQLi\Connection.php(306): mysqli->query('SELECT 1\nFROM `...', 0)
#1 C:\Users\PC08\Pemweb-2\project-root\vendor\codeigniter4\framework\system\Database\BaseConnection.php(693): CodeIgniter\Database\MySQLi\Connection->execute('SELECT 1\nFROM `...')
#2 C:\Users\PC08\Pemweb-2\project-root\vendor\codeigniter4\framework\system\Database\BaseConnection.php(607): CodeIgniter\Database\BaseConnection->simpleQuery('SELECT 1\nFROM `...')
#3 C:\Users\PC08\Pemweb-2\project-root\vendor\codeigniter4\framework\system\Database\BaseBuilder.php(1616): CodeIgniter\Database\BaseConnection->query('SELECT 1\nFROM `...', Array, false)
#4 C:\Users\PC08\Pemweb-2\project-root\vendor\codeigniter4\framework\system\Validation\StrictRules\Rules.php(227): CodeIgniter\Database\BaseBuilder->get()
#5 C:\Users\PC08\Pemweb-2\project-root\vendor\codeigniter4\framework\system\Validation\Validation.php(328): CodeIgniter\Validation\StrictRules\Rules->is_unique('p', 'judul', Array, NULL, 'judul')
#6 C:\Users\PC08\Pemweb-2\project-root\vendor\codeigniter4\framework\system\Validation\Validation.php(200): CodeIgniter\Validation\Validation->processRules('judul', 'judul', 'p', Array, Array)
#7 C:\Users\PC08\Pemweb-2\project-root\vendor\codeigniter4\framework\system\Controller.php(152): CodeIgniter\Validation\Validation->run()
#8 C:\Users\PC08\Pemweb-2\project-root\app\Controllers\Books.php(66): CodeIgniter\Controller->validate(Array)
#9 C:\Users\PC08\Pemweb-2\project-root\vendor\codeigniter4\framework\system\CodeIgniter.php(941): App\Controllers\Books->save()
#10 C:\Users\PC08\Pemweb-2\project-root\vendor\codeigniter4\framework\system\CodeIgniter.php(502): CodeIgniter\CodeIgniter->runController(Object(App\Controllers\Books))
#11 C:\Users\PC08\Pemweb-2\project-root\vendor\codeigniter4\framework\system\CodeIgniter.php(361): CodeIgniter\CodeIgniter->handleRequest(NULL, Object(Config\Cache), false)
#12 C:\Users\PC08\Pemweb-2\project-root\public\index.php(79): CodeIgniter\CodeIgniter->run()
#13 C:\Users\PC08\Pemweb-2\project-root\vendor\codeigniter4\framework\system\Commands\Server\rewrite.php(47): require_once('C:\\Users\\PC08\\P...')
#14 {main}
CRITICAL - 2024-05-13 05:40:02 --> CodeIgniter\Database\Exceptions\DatabaseException: Table 'ci4.buku' doesn't exist
in SYSTEMPATH\Database\BaseConnection.php on line 647.
 1 SYSTEMPATH\Database\BaseBuilder.php(1616): CodeIgniter\Database\BaseConnection->query('SELECT 1
FROM `buku`
WHERE `judul` = :judul:
 LIMIT 1', [...], false)
 2 SYSTEMPATH\Validation\StrictRules\Rules.php(227): CodeIgniter\Database\BaseBuilder->get()
 3 SYSTEMPATH\Validation\Validation.php(328): CodeIgniter\Validation\StrictRules\Rules->is_unique('p', 'judul', [...], null, 'judul')
 4 SYSTEMPATH\Validation\Validation.php(200): CodeIgniter\Validation\Validation->processRules('judul', 'judul', 'p', [...], [...])
 5 SYSTEMPATH\Controller.php(152): CodeIgniter\Validation\Validation->run()
 6 APPPATH\Controllers\Books.php(66): CodeIgniter\Controller->validate([...])
 7 SYSTEMPATH\CodeIgniter.php(941): App\Controllers\Books->save()
 8 SYSTEMPATH\CodeIgniter.php(502): CodeIgniter\CodeIgniter->runController(Object(App\Controllers\Books))
 9 SYSTEMPATH\CodeIgniter.php(361): CodeIgniter\CodeIgniter->handleRequest(null, Object(Config\Cache), false)
10 FCPATH\index.php(79): CodeIgniter\CodeIgniter->run()
11 SYSTEMPATH\Commands\Server\rewrite.php(47): require_once('C:\\Users\\PC08\\Pemweb-2\\project-root\\public\\index.php')
CRITICAL - 2024-05-13 05:40:02 --> [Caused by] CodeIgniter\Database\Exceptions\DatabaseException: Table 'ci4.buku' doesn't exist
in SYSTEMPATH\Database\MySQLi\Connection.php on line 311.
 1 SYSTEMPATH\Database\BaseConnection.php(693): CodeIgniter\Database\MySQLi\Connection->execute('SELECT 1
FROM `buku`
WHERE `judul` = \'p\'
 LIMIT 1')
 2 SYSTEMPATH\Database\BaseConnection.php(607): CodeIgniter\Database\BaseConnection->simpleQuery('SELECT 1
FROM `buku`
WHERE `judul` = \'p\'
 LIMIT 1')
 3 SYSTEMPATH\Database\BaseBuilder.php(1616): CodeIgniter\Database\BaseConnection->query('SELECT 1
FROM `buku`
WHERE `judul` = :judul:
 LIMIT 1', [...], false)
 4 SYSTEMPATH\Validation\StrictRules\Rules.php(227): CodeIgniter\Database\BaseBuilder->get()
 5 SYSTEMPATH\Validation\Validation.php(328): CodeIgniter\Validation\StrictRules\Rules->is_unique('p', 'judul', [...], null, 'judul')
 6 SYSTEMPATH\Validation\Validation.php(200): CodeIgniter\Validation\Validation->processRules('judul', 'judul', 'p', [...], [...])
 7 SYSTEMPATH\Controller.php(152): CodeIgniter\Validation\Validation->run()
 8 APPPATH\Controllers\Books.php(66): CodeIgniter\Controller->validate([...])
 9 SYSTEMPATH\CodeIgniter.php(941): App\Controllers\Books->save()
10 SYSTEMPATH\CodeIgniter.php(502): CodeIgniter\CodeIgniter->runController(Object(App\Controllers\Books))
11 SYSTEMPATH\CodeIgniter.php(361): CodeIgniter\CodeIgniter->handleRequest(null, Object(Config\Cache), false)
12 FCPATH\index.php(79): CodeIgniter\CodeIgniter->run()
13 SYSTEMPATH\Commands\Server\rewrite.php(47): require_once('C:\\Users\\PC08\\Pemweb-2\\project-root\\public\\index.php')
CRITICAL - 2024-05-13 05:40:02 --> [Caused by] mysqli_sql_exception: Table 'ci4.buku' doesn't exist
in SYSTEMPATH\Database\MySQLi\Connection.php on line 306.
 1 SYSTEMPATH\Database\MySQLi\Connection.php(306): mysqli->query('SELECT 1
FROM `buku`
WHERE `judul` = \'p\'
 LIMIT 1', 0)
 2 SYSTEMPATH\Database\BaseConnection.php(693): CodeIgniter\Database\MySQLi\Connection->execute('SELECT 1
FROM `buku`
WHERE `judul` = \'p\'
 LIMIT 1')
 3 SYSTEMPATH\Database\BaseConnection.php(607): CodeIgniter\Database\BaseConnection->simpleQuery('SELECT 1
FROM `buku`
WHERE `judul` = \'p\'
 LIMIT 1')
 4 SYSTEMPATH\Database\BaseBuilder.php(1616): CodeIgniter\Database\BaseConnection->query('SELECT 1
FROM `buku`
WHERE `judul` = :judul:
 LIMIT 1', [...], false)
 5 SYSTEMPATH\Validation\StrictRules\Rules.php(227): CodeIgniter\Database\BaseBuilder->get()
 6 SYSTEMPATH\Validation\Validation.php(328): CodeIgniter\Validation\StrictRules\Rules->is_unique('p', 'judul', [...], null, 'judul')
 7 SYSTEMPATH\Validation\Validation.php(200): CodeIgniter\Validation\Validation->processRules('judul', 'judul', 'p', [...], [...])
 8 SYSTEMPATH\Controller.php(152): CodeIgniter\Validation\Validation->run()
 9 APPPATH\Controllers\Books.php(66): CodeIgniter\Controller->validate([...])
10 SYSTEMPATH\CodeIgniter.php(941): App\Controllers\Books->save()
11 SYSTEMPATH\CodeIgniter.php(502): CodeIgniter\CodeIgniter->runController(Object(App\Controllers\Books))
12 SYSTEMPATH\CodeIgniter.php(361): CodeIgniter\CodeIgniter->handleRequest(null, Object(Config\Cache), false)
13 FCPATH\index.php(79): CodeIgniter\CodeIgniter->run()
14 SYSTEMPATH\Commands\Server\rewrite.php(47): require_once('C:\\Users\\PC08\\Pemweb-2\\project-root\\public\\index.php')
INFO - 2024-05-13 05:41:59 --> Session: Class initialized using 'CodeIgniter\Session\Handlers\FileHandler' driver.
ERROR - 2024-05-13 05:41:59 --> mysqli_sql_exception: Table 'ci4.buku' doesn't exist in C:\Users\PC08\Pemweb-2\project-root\vendor\codeigniter4\framework\system\Database\MySQLi\Connection.php:306
Stack trace:
#0 C:\Users\PC08\Pemweb-2\project-root\vendor\codeigniter4\framework\system\Database\MySQLi\Connection.php(306): mysqli->query('SELECT 1\nFROM `...', 0)
#1 C:\Users\PC08\Pemweb-2\project-root\vendor\codeigniter4\framework\system\Database\BaseConnection.php(693): CodeIgniter\Database\MySQLi\Connection->execute('SELECT 1\nFROM `...')
#2 C:\Users\PC08\Pemweb-2\project-root\vendor\codeigniter4\framework\system\Database\BaseConnection.php(607): CodeIgniter\Database\BaseConnection->simpleQuery('SELECT 1\nFROM `...')
#3 C:\Users\PC08\Pemweb-2\project-root\vendor\codeigniter4\framework\system\Database\BaseBuilder.php(1616): CodeIgniter\Database\BaseConnection->query('SELECT 1\nFROM `...', Array, false)
#4 C:\Users\PC08\Pemweb-2\project-root\vendor\codeigniter4\framework\system\Validation\StrictRules\Rules.php(227): CodeIgniter\Database\BaseBuilder->get()
#5 C:\Users\PC08\Pemweb-2\project-root\vendor\codeigniter4\framework\system\Validation\Validation.php(328): CodeIgniter\Validation\StrictRules\Rules->is_unique('p', 'judul', Array, NULL, 'judul')
#6 C:\Users\PC08\Pemweb-2\project-root\vendor\codeigniter4\framework\system\Validation\Validation.php(200): CodeIgniter\Validation\Validation->processRules('judul', 'judul', 'p', Array, Array)
#7 C:\Users\PC08\Pemweb-2\project-root\vendor\codeigniter4\framework\system\Controller.php(152): CodeIgniter\Validation\Validation->run()
#8 C:\Users\PC08\Pemweb-2\project-root\app\Controllers\Books.php(66): CodeIgniter\Controller->validate(Array)
#9 C:\Users\PC08\Pemweb-2\project-root\vendor\codeigniter4\framework\system\CodeIgniter.php(941): App\Controllers\Books->save()
#10 C:\Users\PC08\Pemweb-2\project-root\vendor\codeigniter4\framework\system\CodeIgniter.php(502): CodeIgniter\CodeIgniter->runController(Object(App\Controllers\Books))
#11 C:\Users\PC08\Pemweb-2\project-root\vendor\codeigniter4\framework\system\CodeIgniter.php(361): CodeIgniter\CodeIgniter->handleRequest(NULL, Object(Config\Cache), false)
#12 C:\Users\PC08\Pemweb-2\project-root\public\index.php(79): CodeIgniter\CodeIgniter->run()
#13 C:\Users\PC08\Pemweb-2\project-root\vendor\codeigniter4\framework\system\Commands\Server\rewrite.php(47): require_once('C:\\Users\\PC08\\P...')
#14 {main}
CRITICAL - 2024-05-13 05:41:59 --> CodeIgniter\Database\Exceptions\DatabaseException: Table 'ci4.buku' doesn't exist
in SYSTEMPATH\Database\BaseConnection.php on line 647.
 1 SYSTEMPATH\Database\BaseBuilder.php(1616): CodeIgniter\Database\BaseConnection->query('SELECT 1
FROM `buku`
WHERE `judul` = :judul:
 LIMIT 1', [...], false)
 2 SYSTEMPATH\Validation\StrictRules\Rules.php(227): CodeIgniter\Database\BaseBuilder->get()
 3 SYSTEMPATH\Validation\Validation.php(328): CodeIgniter\Validation\StrictRules\Rules->is_unique('p', 'judul', [...], null, 'judul')
 4 SYSTEMPATH\Validation\Validation.php(200): CodeIgniter\Validation\Validation->processRules('judul', 'judul', 'p', [...], [...])
 5 SYSTEMPATH\Controller.php(152): CodeIgniter\Validation\Validation->run()
 6 APPPATH\Controllers\Books.php(66): CodeIgniter\Controller->validate([...])
 7 SYSTEMPATH\CodeIgniter.php(941): App\Controllers\Books->save()
 8 SYSTEMPATH\CodeIgniter.php(502): CodeIgniter\CodeIgniter->runController(Object(App\Controllers\Books))
 9 SYSTEMPATH\CodeIgniter.php(361): CodeIgniter\CodeIgniter->handleRequest(null, Object(Config\Cache), false)
10 FCPATH\index.php(79): CodeIgniter\CodeIgniter->run()
11 SYSTEMPATH\Commands\Server\rewrite.php(47): require_once('C:\\Users\\PC08\\Pemweb-2\\project-root\\public\\index.php')
CRITICAL - 2024-05-13 05:41:59 --> [Caused by] CodeIgniter\Database\Exceptions\DatabaseException: Table 'ci4.buku' doesn't exist
in SYSTEMPATH\Database\MySQLi\Connection.php on line 311.
 1 SYSTEMPATH\Database\BaseConnection.php(693): CodeIgniter\Database\MySQLi\Connection->execute('SELECT 1
FROM `buku`
WHERE `judul` = \'p\'
 LIMIT 1')
 2 SYSTEMPATH\Database\BaseConnection.php(607): CodeIgniter\Database\BaseConnection->simpleQuery('SELECT 1
FROM `buku`
WHERE `judul` = \'p\'
 LIMIT 1')
 3 SYSTEMPATH\Database\BaseBuilder.php(1616): CodeIgniter\Database\BaseConnection->query('SELECT 1
FROM `buku`
WHERE `judul` = :judul:
 LIMIT 1', [...], false)
 4 SYSTEMPATH\Validation\StrictRules\Rules.php(227): CodeIgniter\Database\BaseBuilder->get()
 5 SYSTEMPATH\Validation\Validation.php(328): CodeIgniter\Validation\StrictRules\Rules->is_unique('p', 'judul', [...], null, 'judul')
 6 SYSTEMPATH\Validation\Validation.php(200): CodeIgniter\Validation\Validation->processRules('judul', 'judul', 'p', [...], [...])
 7 SYSTEMPATH\Controller.php(152): CodeIgniter\Validation\Validation->run()
 8 APPPATH\Controllers\Books.php(66): CodeIgniter\Controller->validate([...])
 9 SYSTEMPATH\CodeIgniter.php(941): App\Controllers\Books->save()
10 SYSTEMPATH\CodeIgniter.php(502): CodeIgniter\CodeIgniter->runController(Object(App\Controllers\Books))
11 SYSTEMPATH\CodeIgniter.php(361): CodeIgniter\CodeIgniter->handleRequest(null, Object(Config\Cache), false)
12 FCPATH\index.php(79): CodeIgniter\CodeIgniter->run()
13 SYSTEMPATH\Commands\Server\rewrite.php(47): require_once('C:\\Users\\PC08\\Pemweb-2\\project-root\\public\\index.php')
CRITICAL - 2024-05-13 05:41:59 --> [Caused by] mysqli_sql_exception: Table 'ci4.buku' doesn't exist
in SYSTEMPATH\Database\MySQLi\Connection.php on line 306.
 1 SYSTEMPATH\Database\MySQLi\Connection.php(306): mysqli->query('SELECT 1
FROM `buku`
WHERE `judul` = \'p\'
 LIMIT 1', 0)
 2 SYSTEMPATH\Database\BaseConnection.php(693): CodeIgniter\Database\MySQLi\Connection->execute('SELECT 1
FROM `buku`
WHERE `judul` = \'p\'
 LIMIT 1')
 3 SYSTEMPATH\Database\BaseConnection.php(607): CodeIgniter\Database\BaseConnection->simpleQuery('SELECT 1
FROM `buku`
WHERE `judul` = \'p\'
 LIMIT 1')
 4 SYSTEMPATH\Database\BaseBuilder.php(1616): CodeIgniter\Database\BaseConnection->query('SELECT 1
FROM `buku`
WHERE `judul` = :judul:
 LIMIT 1', [...], false)
 5 SYSTEMPATH\Validation\StrictRules\Rules.php(227): CodeIgniter\Database\BaseBuilder->get()
 6 SYSTEMPATH\Validation\Validation.php(328): CodeIgniter\Validation\StrictRules\Rules->is_unique('p', 'judul', [...], null, 'judul')
 7 SYSTEMPATH\Validation\Validation.php(200): CodeIgniter\Validation\Validation->processRules('judul', 'judul', 'p', [...], [...])
 8 SYSTEMPATH\Controller.php(152): CodeIgniter\Validation\Validation->run()
 9 APPPATH\Controllers\Books.php(66): CodeIgniter\Controller->validate([...])
10 SYSTEMPATH\CodeIgniter.php(941): App\Controllers\Books->save()
11 SYSTEMPATH\CodeIgniter.php(502): CodeIgniter\CodeIgniter->runController(Object(App\Controllers\Books))
12 SYSTEMPATH\CodeIgniter.php(361): CodeIgniter\CodeIgniter->handleRequest(null, Object(Config\Cache), false)
13 FCPATH\index.php(79): CodeIgniter\CodeIgniter->run()
14 SYSTEMPATH\Commands\Server\rewrite.php(47): require_once('C:\\Users\\PC08\\Pemweb-2\\project-root\\public\\index.php')
INFO - 2024-05-13 05:42:02 --> Session: Class initialized using 'CodeIgniter\Session\Handlers\FileHandler' driver.
INFO - 2024-05-13 05:42:39 --> Session: Class initialized using 'CodeIgniter\Session\Handlers\FileHandler' driver.
INFO - 2024-05-13 05:42:44 --> Session: Class initialized using 'CodeIgniter\Session\Handlers\FileHandler' driver.
ERROR - 2024-05-13 05:42:44 --> mysqli_sql_exception: Table 'ci4.buku' doesn't exist in C:\Users\PC08\Pemweb-2\project-root\vendor\codeigniter4\framework\system\Database\MySQLi\Connection.php:306
Stack trace:
#0 C:\Users\PC08\Pemweb-2\project-root\vendor\codeigniter4\framework\system\Database\MySQLi\Connection.php(306): mysqli->query('SELECT 1\nFROM `...', 0)
#1 C:\Users\PC08\Pemweb-2\project-root\vendor\codeigniter4\framework\system\Database\BaseConnection.php(693): CodeIgniter\Database\MySQLi\Connection->execute('SELECT 1\nFROM `...')
#2 C:\Users\PC08\Pemweb-2\project-root\vendor\codeigniter4\framework\system\Database\BaseConnection.php(607): CodeIgniter\Database\BaseConnection->simpleQuery('SELECT 1\nFROM `...')
#3 C:\Users\PC08\Pemweb-2\project-root\vendor\codeigniter4\framework\system\Database\BaseBuilder.php(1616): CodeIgniter\Database\BaseConnection->query('SELECT 1\nFROM `...', Array, false)
#4 C:\Users\PC08\Pemweb-2\project-root\vendor\codeigniter4\framework\system\Validation\StrictRules\Rules.php(227): CodeIgniter\Database\BaseBuilder->get()
#5 C:\Users\PC08\Pemweb-2\project-root\vendor\codeigniter4\framework\system\Validation\Validation.php(328): CodeIgniter\Validation\StrictRules\Rules->is_unique('p', 'judul', Array, NULL, 'judul')
#6 C:\Users\PC08\Pemweb-2\project-root\vendor\codeigniter4\framework\system\Validation\Validation.php(200): CodeIgniter\Validation\Validation->processRules('judul', 'judul', 'p', Array, Array)
#7 C:\Users\PC08\Pemweb-2\project-root\vendor\codeigniter4\framework\system\Controller.php(152): CodeIgniter\Validation\Validation->run()
#8 C:\Users\PC08\Pemweb-2\project-root\app\Controllers\Books.php(66): CodeIgniter\Controller->validate(Array)
#9 C:\Users\PC08\Pemweb-2\project-root\vendor\codeigniter4\framework\system\CodeIgniter.php(941): App\Controllers\Books->save()
#10 C:\Users\PC08\Pemweb-2\project-root\vendor\codeigniter4\framework\system\CodeIgniter.php(502): CodeIgniter\CodeIgniter->runController(Object(App\Controllers\Books))
#11 C:\Users\PC08\Pemweb-2\project-root\vendor\codeigniter4\framework\system\CodeIgniter.php(361): CodeIgniter\CodeIgniter->handleRequest(NULL, Object(Config\Cache), false)
#12 C:\Users\PC08\Pemweb-2\project-root\public\index.php(79): CodeIgniter\CodeIgniter->run()
#13 C:\Users\PC08\Pemweb-2\project-root\vendor\codeigniter4\framework\system\Commands\Server\rewrite.php(47): require_once('C:\\Users\\PC08\\P...')
#14 {main}
CRITICAL - 2024-05-13 05:42:44 --> CodeIgniter\Database\Exceptions\DatabaseException: Table 'ci4.buku' doesn't exist
in SYSTEMPATH\Database\BaseConnection.php on line 647.
 1 SYSTEMPATH\Database\BaseBuilder.php(1616): CodeIgniter\Database\BaseConnection->query('SELECT 1
FROM `buku`
WHERE `judul` = :judul:
 LIMIT 1', [...], false)
 2 SYSTEMPATH\Validation\StrictRules\Rules.php(227): CodeIgniter\Database\BaseBuilder->get()
 3 SYSTEMPATH\Validation\Validation.php(328): CodeIgniter\Validation\StrictRules\Rules->is_unique('p', 'judul', [...], null, 'judul')
 4 SYSTEMPATH\Validation\Validation.php(200): CodeIgniter\Validation\Validation->processRules('judul', 'judul', 'p', [...], [...])
 5 SYSTEMPATH\Controller.php(152): CodeIgniter\Validation\Validation->run()
 6 APPPATH\Controllers\Books.php(66): CodeIgniter\Controller->validate([...])
 7 SYSTEMPATH\CodeIgniter.php(941): App\Controllers\Books->save()
 8 SYSTEMPATH\CodeIgniter.php(502): CodeIgniter\CodeIgniter->runController(Object(App\Controllers\Books))
 9 SYSTEMPATH\CodeIgniter.php(361): CodeIgniter\CodeIgniter->handleRequest(null, Object(Config\Cache), false)
10 FCPATH\index.php(79): CodeIgniter\CodeIgniter->run()
11 SYSTEMPATH\Commands\Server\rewrite.php(47): require_once('C:\\Users\\PC08\\Pemweb-2\\project-root\\public\\index.php')
CRITICAL - 2024-05-13 05:42:45 --> [Caused by] CodeIgniter\Database\Exceptions\DatabaseException: Table 'ci4.buku' doesn't exist
in SYSTEMPATH\Database\MySQLi\Connection.php on line 311.
 1 SYSTEMPATH\Database\BaseConnection.php(693): CodeIgniter\Database\MySQLi\Connection->execute('SELECT 1
FROM `buku`
WHERE `judul` = \'p\'
 LIMIT 1')
 2 SYSTEMPATH\Database\BaseConnection.php(607): CodeIgniter\Database\BaseConnection->simpleQuery('SELECT 1
FROM `buku`
WHERE `judul` = \'p\'
 LIMIT 1')
 3 SYSTEMPATH\Database\BaseBuilder.php(1616): CodeIgniter\Database\BaseConnection->query('SELECT 1
FROM `buku`
WHERE `judul` = :judul:
 LIMIT 1', [...], false)
 4 SYSTEMPATH\Validation\StrictRules\Rules.php(227): CodeIgniter\Database\BaseBuilder->get()
 5 SYSTEMPATH\Validation\Validation.php(328): CodeIgniter\Validation\StrictRules\Rules->is_unique('p', 'judul', [...], null, 'judul')
 6 SYSTEMPATH\Validation\Validation.php(200): CodeIgniter\Validation\Validation->processRules('judul', 'judul', 'p', [...], [...])
 7 SYSTEMPATH\Controller.php(152): CodeIgniter\Validation\Validation->run()
 8 APPPATH\Controllers\Books.php(66): CodeIgniter\Controller->validate([...])
 9 SYSTEMPATH\CodeIgniter.php(941): App\Controllers\Books->save()
10 SYSTEMPATH\CodeIgniter.php(502): CodeIgniter\CodeIgniter->runController(Object(App\Controllers\Books))
11 SYSTEMPATH\CodeIgniter.php(361): CodeIgniter\CodeIgniter->handleRequest(null, Object(Config\Cache), false)
12 FCPATH\index.php(79): CodeIgniter\CodeIgniter->run()
13 SYSTEMPATH\Commands\Server\rewrite.php(47): require_once('C:\\Users\\PC08\\Pemweb-2\\project-root\\public\\index.php')
CRITICAL - 2024-05-13 05:42:45 --> [Caused by] mysqli_sql_exception: Table 'ci4.buku' doesn't exist
in SYSTEMPATH\Database\MySQLi\Connection.php on line 306.
 1 SYSTEMPATH\Database\MySQLi\Connection.php(306): mysqli->query('SELECT 1
FROM `buku`
WHERE `judul` = \'p\'
 LIMIT 1', 0)
 2 SYSTEMPATH\Database\BaseConnection.php(693): CodeIgniter\Database\MySQLi\Connection->execute('SELECT 1
FROM `buku`
WHERE `judul` = \'p\'
 LIMIT 1')
 3 SYSTEMPATH\Database\BaseConnection.php(607): CodeIgniter\Database\BaseConnection->simpleQuery('SELECT 1
FROM `buku`
WHERE `judul` = \'p\'
 LIMIT 1')
 4 SYSTEMPATH\Database\BaseBuilder.php(1616): CodeIgniter\Database\BaseConnection->query('SELECT 1
FROM `buku`
WHERE `judul` = :judul:
 LIMIT 1', [...], false)
 5 SYSTEMPATH\Validation\StrictRules\Rules.php(227): CodeIgniter\Database\BaseBuilder->get()
 6 SYSTEMPATH\Validation\Validation.php(328): CodeIgniter\Validation\StrictRules\Rules->is_unique('p', 'judul', [...], null, 'judul')
 7 SYSTEMPATH\Validation\Validation.php(200): CodeIgniter\Validation\Validation->processRules('judul', 'judul', 'p', [...], [...])
 8 SYSTEMPATH\Controller.php(152): CodeIgniter\Validation\Validation->run()
 9 APPPATH\Controllers\Books.php(66): CodeIgniter\Controller->validate([...])
10 SYSTEMPATH\CodeIgniter.php(941): App\Controllers\Books->save()
11 SYSTEMPATH\CodeIgniter.php(502): CodeIgniter\CodeIgniter->runController(Object(App\Controllers\Books))
12 SYSTEMPATH\CodeIgniter.php(361): CodeIgniter\CodeIgniter->handleRequest(null, Object(Config\Cache), false)
13 FCPATH\index.php(79): CodeIgniter\CodeIgniter->run()
14 SYSTEMPATH\Commands\Server\rewrite.php(47): require_once('C:\\Users\\PC08\\Pemweb-2\\project-root\\public\\index.php')
INFO - 2024-05-13 05:42:46 --> Session: Class initialized using 'CodeIgniter\Session\Handlers\FileHandler' driver.
CRITICAL - 2024-05-13 05:45:54 --> ParseError: syntax error, unexpected token "=", expecting ")"
in APPPATH\Controllers\Books.php on line 75.
 1 SYSTEMPATH\Autoloader\Autoloader.php(290): CodeIgniter\Autoloader\Autoloader->includeFile('C:\\Users\\PC08\\Pemweb-2\\project-root\\app\\Controllers\\Books.php')
 2 SYSTEMPATH\Autoloader\Autoloader.php(266): CodeIgniter\Autoloader\Autoloader->loadInNamespace('App\\Controllers\\Books')
 3 [internal function]: CodeIgniter\Autoloader\Autoloader->loadClass('App\\Controllers\\Books')
 4 SYSTEMPATH\CodeIgniter.php(899): class_exists('\\App\\Controllers\\Books', true)
 5 SYSTEMPATH\CodeIgniter.php(489): CodeIgniter\CodeIgniter->startController()
 6 SYSTEMPATH\CodeIgniter.php(361): CodeIgniter\CodeIgniter->handleRequest(null, Object(Config\Cache), false)
 7 FCPATH\index.php(79): CodeIgniter\CodeIgniter->run()
 8 SYSTEMPATH\Commands\Server\rewrite.php(47): require_once('C:\\Users\\PC08\\Pemweb-2\\project-root\\public\\index.php')
CRITICAL - 2024-05-13 05:46:01 --> ParseError: syntax error, unexpected token "=", expecting ")"
in APPPATH\Controllers\Books.php on line 75.
 1 SYSTEMPATH\Router\Router.php(515): CodeIgniter\Router\AutoRouter->getRoute('books/', 'get')
 2 SYSTEMPATH\Router\Router.php(211): CodeIgniter\Router\Router->autoRoute('books/')
 3 SYSTEMPATH\CodeIgniter.php(823): CodeIgniter\Router\Router->handle('books/')
 4 SYSTEMPATH\CodeIgniter.php(450): CodeIgniter\CodeIgniter->tryToRouteIt(Object(CodeIgniter\Router\RouteCollection))
 5 SYSTEMPATH\CodeIgniter.php(361): CodeIgniter\CodeIgniter->handleRequest(null, Object(Config\Cache), false)
 6 FCPATH\index.php(79): CodeIgniter\CodeIgniter->run()
 7 SYSTEMPATH\Commands\Server\rewrite.php(47): require_once('C:\\Users\\PC08\\Pemweb-2\\project-root\\public\\index.php')
INFO - 2024-05-13 05:46:03 --> Session: Class initialized using 'CodeIgniter\Session\Handlers\FileHandler' driver.
CRITICAL - 2024-05-13 05:46:05 --> ParseError: syntax error, unexpected token "=", expecting ")"
in APPPATH\Controllers\Books.php on line 75.
 1 SYSTEMPATH\Router\Router.php(515): CodeIgniter\Router\AutoRouter->getRoute('books/', 'get')
 2 SYSTEMPATH\Router\Router.php(211): CodeIgniter\Router\Router->autoRoute('books/')
 3 SYSTEMPATH\CodeIgniter.php(823): CodeIgniter\Router\Router->handle('books/')
 4 SYSTEMPATH\CodeIgniter.php(450): CodeIgniter\CodeIgniter->tryToRouteIt(Object(CodeIgniter\Router\RouteCollection))
 5 SYSTEMPATH\CodeIgniter.php(361): CodeIgniter\CodeIgniter->handleRequest(null, Object(Config\Cache), false)
 6 FCPATH\index.php(79): CodeIgniter\CodeIgniter->run()
 7 SYSTEMPATH\Commands\Server\rewrite.php(47): require_once('C:\\Users\\PC08\\Pemweb-2\\project-root\\public\\index.php')
INFO - 2024-05-13 05:47:08 --> Session: Class initialized using 'CodeIgniter\Session\Handlers\FileHandler' driver.
INFO - 2024-05-13 05:47:09 --> Session: Class initialized using 'CodeIgniter\Session\Handlers\FileHandler' driver.
INFO - 2024-05-13 05:47:14 --> Session: Class initialized using 'CodeIgniter\Session\Handlers\FileHandler' driver.
INFO - 2024-05-13 05:47:14 --> Session: Class initialized using 'CodeIgniter\Session\Handlers\FileHandler' driver.
INFO - 2024-05-13 05:48:54 --> Session: Class initialized using 'CodeIgniter\Session\Handlers\FileHandler' driver.
INFO - 2024-05-13 05:49:02 --> Session: Class initialized using 'CodeIgniter\Session\Handlers\FileHandler' driver.
INFO - 2024-05-13 05:51:36 --> Session: Class initialized using 'CodeIgniter\Session\Handlers\FileHandler' driver.
INFO - 2024-05-13 05:54:46 --> Session: Class initialized using 'CodeIgniter\Session\Handlers\FileHandler' driver.
INFO - 2024-05-13 05:54:55 --> Session: Class initialized using 'CodeIgniter\Session\Handlers\FileHandler' driver.
INFO - 2024-05-13 06:02:22 --> Session: Class initialized using 'CodeIgniter\Session\Handlers\FileHandler' driver.
INFO - 2024-05-13 06:02:27 --> Session: Class initialized using 'CodeIgniter\Session\Handlers\FileHandler' driver.
INFO - 2024-05-13 06:02:27 --> Session: Class initialized using 'CodeIgniter\Session\Handlers\FileHandler' driver.
INFO - 2024-05-13 06:02:56 --> Session: Class initialized using 'CodeIgniter\Session\Handlers\FileHandler' driver.
INFO - 2024-05-13 06:02:59 --> Session: Class initialized using 'CodeIgniter\Session\Handlers\FileHandler' driver.
INFO - 2024-05-13 06:03:01 --> Session: Class initialized using 'CodeIgniter\Session\Handlers\FileHandler' driver.
INFO - 2024-05-13 06:03:03 --> Session: Class initialized using 'CodeIgniter\Session\Handlers\FileHandler' driver.
INFO - 2024-05-13 06:03:04 --> Session: Class initialized using 'CodeIgniter\Session\Handlers\FileHandler' driver.
INFO - 2024-05-13 06:03:21 --> Session: Class initialized using 'CodeIgniter\Session\Handlers\FileHandler' driver.
INFO - 2024-05-13 06:03:21 --> Session: Class initialized using 'CodeIgniter\Session\Handlers\FileHandler' driver.
INFO - 2024-05-13 06:03:24 --> Session: Class initialized using 'CodeIgniter\Session\Handlers\FileHandler' driver.
INFO - 2024-05-13 06:03:25 --> Session: Class initialized using 'CodeIgniter\Session\Handlers\FileHandler' driver.
INFO - 2024-05-13 06:04:24 --> Session: Class initialized using 'CodeIgniter\Session\Handlers\FileHandler' driver.
INFO - 2024-05-13 06:04:26 --> Session: Class initialized using 'CodeIgniter\Session\Handlers\FileHandler' driver.
INFO - 2024-05-13 06:04:26 --> Session: Class initialized using 'CodeIgniter\Session\Handlers\FileHandler' driver.
INFO - 2024-05-13 06:06:49 --> Session: Class initialized using 'CodeIgniter\Session\Handlers\FileHandler' driver.
INFO - 2024-05-13 06:06:55 --> Session: Class initialized using 'CodeIgniter\Session\Handlers\FileHandler' driver.
INFO - 2024-05-13 06:06:56 --> Session: Class initialized using 'CodeIgniter\Session\Handlers\FileHandler' driver.
INFO - 2024-05-13 06:06:57 --> Session: Class initialized using 'CodeIgniter\Session\Handlers\FileHandler' driver.
INFO - 2024-05-13 06:07:10 --> Session: Class initialized using 'CodeIgniter\Session\Handlers\FileHandler' driver.
INFO - 2024-05-13 06:08:10 --> Session: Class initialized using 'CodeIgniter\Session\Handlers\FileHandler' driver.
INFO - 2024-05-13 06:08:13 --> Session: Class initialized using 'CodeIgniter\Session\Handlers\FileHandler' driver.
INFO - 2024-05-13 06:08:15 --> Session: Class initialized using 'CodeIgniter\Session\Handlers\FileHandler' driver.
INFO - 2024-05-13 06:08:17 --> Session: Class initialized using 'CodeIgniter\Session\Handlers\FileHandler' driver.
INFO - 2024-05-13 06:08:25 --> Session: Class initialized using 'CodeIgniter\Session\Handlers\FileHandler' driver.
INFO - 2024-05-13 06:08:25 --> Session: Class initialized using 'CodeIgniter\Session\Handlers\FileHandler' driver.
INFO - 2024-05-13 06:09:06 --> Session: Class initialized using 'CodeIgniter\Session\Handlers\FileHandler' driver.
INFO - 2024-05-13 06:11:56 --> Session: Class initialized using 'CodeIgniter\Session\Handlers\FileHandler' driver.
INFO - 2024-05-13 06:12:04 --> Session: Class initialized using 'CodeIgniter\Session\Handlers\FileHandler' driver.
INFO - 2024-05-13 06:12:32 --> Session: Class initialized using 'CodeIgniter\Session\Handlers\FileHandler' driver.
INFO - 2024-05-13 06:12:46 --> Session: Class initialized using 'CodeIgniter\Session\Handlers\FileHandler' driver.
INFO - 2024-05-13 12:28:07 --> Session: Class initialized using 'CodeIgniter\Session\Handlers\FileHandler' driver.
INFO - 2024-05-13 12:28:14 --> Session: Class initialized using 'CodeIgniter\Session\Handlers\FileHandler' driver.
INFO - 2024-05-13 12:31:10 --> Session: Class initialized using 'CodeIgniter\Session\Handlers\FileHandler' driver.
INFO - 2024-05-13 12:31:10 --> Session: Class initialized using 'CodeIgniter\Session\Handlers\FileHandler' driver.
INFO - 2024-05-13 12:31:10 --> Session: Class initialized using 'CodeIgniter\Session\Handlers\FileHandler' driver.
INFO - 2024-05-13 12:32:08 --> Session: Class initialized using 'CodeIgniter\Session\Handlers\FileHandler' driver.
INFO - 2024-05-13 12:32:18 --> Session: Class initialized using 'CodeIgniter\Session\Handlers\FileHandler' driver.
INFO - 2024-05-13 12:32:20 --> Session: Class initialized using 'CodeIgniter\Session\Handlers\FileHandler' driver.
INFO - 2024-05-13 12:32:21 --> Session: Class initialized using 'CodeIgniter\Session\Handlers\FileHandler' driver.
INFO - 2024-05-13 12:48:30 --> Session: Class initialized using 'CodeIgniter\Session\Handlers\FileHandler' driver.
INFO - 2024-05-13 12:48:38 --> Session: Class initialized using 'CodeIgniter\Session\Handlers\FileHandler' driver.
INFO - 2024-05-13 12:48:38 --> Session: Class initialized using 'CodeIgniter\Session\Handlers\FileHandler' driver.
INFO - 2024-05-13 12:48:46 --> Session: Class initialized using 'CodeIgniter\Session\Handlers\FileHandler' driver.
INFO - 2024-05-13 12:48:47 --> Session: Class initialized using 'CodeIgniter\Session\Handlers\FileHandler' driver.
INFO - 2024-05-13 12:48:49 --> Session: Class initialized using 'CodeIgniter\Session\Handlers\FileHandler' driver.
INFO - 2024-05-13 12:48:52 --> Session: Class initialized using 'CodeIgniter\Session\Handlers\FileHandler' driver.
INFO - 2024-05-13 12:48:56 --> Session: Class initialized using 'CodeIgniter\Session\Handlers\FileHandler' driver.
INFO - 2024-05-13 12:48:58 --> Session: Class initialized using 'CodeIgniter\Session\Handlers\FileHandler' driver.
INFO - 2024-05-13 12:49:00 --> Session: Class initialized using 'CodeIgniter\Session\Handlers\FileHandler' driver.
INFO - 2024-05-13 12:49:10 --> Session: Class initialized using 'CodeIgniter\Session\Handlers\FileHandler' driver.
INFO - 2024-05-13 12:49:10 --> Session: Class initialized using 'CodeIgniter\Session\Handlers\FileHandler' driver.
INFO - 2024-05-13 13:02:32 --> Session: Class initialized using 'CodeIgniter\Session\Handlers\FileHandler' driver.
INFO - 2024-05-13 13:02:42 --> Session: Class initialized using 'CodeIgniter\Session\Handlers\FileHandler' driver.
INFO - 2024-05-13 13:02:42 --> Session: Class initialized using 'CodeIgniter\Session\Handlers\FileHandler' driver.
INFO - 2024-05-13 13:27:11 --> Session: Class initialized using 'CodeIgniter\Session\Handlers\FileHandler' driver.
INFO - 2024-05-13 13:27:27 --> Session: Class initialized using 'CodeIgniter\Session\Handlers\FileHandler' driver.
INFO - 2024-05-13 13:27:30 --> Session: Class initialized using 'CodeIgniter\Session\Handlers\FileHandler' driver.
INFO - 2024-05-13 13:37:08 --> Session: Class initialized using 'CodeIgniter\Session\Handlers\FileHandler' driver.
INFO - 2024-05-13 13:37:13 --> Session: Class initialized using 'CodeIgniter\Session\Handlers\FileHandler' driver.
INFO - 2024-05-13 13:37:14 --> Session: Class initialized using 'CodeIgniter\Session\Handlers\FileHandler' driver.
INFO - 2024-05-13 13:37:23 --> Session: Class initialized using 'CodeIgniter\Session\Handlers\FileHandler' driver.
INFO - 2024-05-13 13:37:23 --> Session: Class initialized using 'CodeIgniter\Session\Handlers\FileHandler' driver.
INFO - 2024-05-13 14:08:07 --> Session: Class initialized using 'CodeIgniter\Session\Handlers\FileHandler' driver.
INFO - 2024-05-13 14:08:08 --> Session: Class initialized using 'CodeIgniter\Session\Handlers\FileHandler' driver.
INFO - 2024-05-13 14:08:13 --> Session: Class initialized using 'CodeIgniter\Session\Handlers\FileHandler' driver.
INFO - 2024-05-13 14:08:17 --> Session: Class initialized using 'CodeIgniter\Session\Handlers\FileHandler' driver.
INFO - 2024-05-13 14:08:20 --> Session: Class initialized using 'CodeIgniter\Session\Handlers\FileHandler' driver.
INFO - 2024-05-13 14:08:23 --> Session: Class initialized using 'CodeIgniter\Session\Handlers\FileHandler' driver.
INFO - 2024-05-13 14:08:24 --> Session: Class initialized using 'CodeIgniter\Session\Handlers\FileHandler' driver.
INFO - 2024-05-13 14:08:27 --> Session: Class initialized using 'CodeIgniter\Session\Handlers\FileHandler' driver.
INFO - 2024-05-13 14:08:28 --> Session: Class initialized using 'CodeIgniter\Session\Handlers\FileHandler' driver.
INFO - 2024-05-13 14:08:36 --> Session: Class initialized using 'CodeIgniter\Session\Handlers\FileHandler' driver.
INFO - 2024-05-13 14:08:36 --> Session: Class initialized using 'CodeIgniter\Session\Handlers\FileHandler' driver.
INFO - 2024-05-13 14:11:40 --> Session: Class initialized using 'CodeIgniter\Session\Handlers\FileHandler' driver.
INFO - 2024-05-13 14:11:50 --> Session: Class initialized using 'CodeIgniter\Session\Handlers\FileHandler' driver.
INFO - 2024-05-13 14:11:50 --> Session: Class initialized using 'CodeIgniter\Session\Handlers\FileHandler' driver.
INFO - 2024-05-13 14:19:35 --> Session: Class initialized using 'CodeIgniter\Session\Handlers\FileHandler' driver.
INFO - 2024-05-13 14:19:35 --> Session: Class initialized using 'CodeIgniter\Session\Handlers\FileHandler' driver.
INFO - 2024-05-13 14:19:40 --> Session: Class initialized using 'CodeIgniter\Session\Handlers\FileHandler' driver.
INFO - 2024-05-13 14:19:43 --> Session: Class initialized using 'CodeIgniter\Session\Handlers\FileHandler' driver.
INFO - 2024-05-13 14:19:46 --> Session: Class initialized using 'CodeIgniter\Session\Handlers\FileHandler' driver.
INFO - 2024-05-13 14:19:46 --> Session: Class initialized using 'CodeIgniter\Session\Handlers\FileHandler' driver.
INFO - 2024-05-13 14:19:51 --> Session: Class initialized using 'CodeIgniter\Session\Handlers\FileHandler' driver.
INFO - 2024-05-13 14:19:54 --> Session: Class initialized using 'CodeIgniter\Session\Handlers\FileHandler' driver.
INFO - 2024-05-13 14:19:56 --> Session: Class initialized using 'CodeIgniter\Session\Handlers\FileHandler' driver.
INFO - 2024-05-13 14:20:00 --> Session: Class initialized using 'CodeIgniter\Session\Handlers\FileHandler' driver.
INFO - 2024-05-13 14:20:10 --> Session: Class initialized using 'CodeIgniter\Session\Handlers\FileHandler' driver.
INFO - 2024-05-13 14:20:10 --> Session: Class initialized using 'CodeIgniter\Session\Handlers\FileHandler' driver.
INFO - 2024-05-13 14:20:20 --> Session: Class initialized using 'CodeIgniter\Session\Handlers\FileHandler' driver.
INFO - 2024-05-13 14:20:20 --> Session: Class initialized using 'CodeIgniter\Session\Handlers\FileHandler' driver.
INFO - 2024-05-13 14:21:38 --> Session: Class initialized using 'CodeIgniter\Session\Handlers\FileHandler' driver.
INFO - 2024-05-13 14:21:49 --> Session: Class initialized using 'CodeIgniter\Session\Handlers\FileHandler' driver.
INFO - 2024-05-13 14:21:49 --> Session: Class initialized using 'CodeIgniter\Session\Handlers\FileHandler' driver.
INFO - 2024-05-13 14:22:29 --> Session: Class initialized using 'CodeIgniter\Session\Handlers\FileHandler' driver.
INFO - 2024-05-13 14:23:00 --> Session: Class initialized using 'CodeIgniter\Session\Handlers\FileHandler' driver.
INFO - 2024-05-13 14:23:12 --> Session: Class initialized using 'CodeIgniter\Session\Handlers\FileHandler' driver.
INFO - 2024-05-13 14:23:25 --> Session: Class initialized using 'CodeIgniter\Session\Handlers\FileHandler' driver.
INFO - 2024-05-13 14:23:26 --> Session: Class initialized using 'CodeIgniter\Session\Handlers\FileHandler' driver.
INFO - 2024-05-13 14:23:28 --> Session: Class initialized using 'CodeIgniter\Session\Handlers\FileHandler' driver.
INFO - 2024-05-13 14:23:29 --> Session: Class initialized using 'CodeIgniter\Session\Handlers\FileHandler' driver.
INFO - 2024-05-13 14:23:30 --> Session: Class initialized using 'CodeIgniter\Session\Handlers\FileHandler' driver.
INFO - 2024-05-13 14:23:58 --> Session: Class initialized using 'CodeIgniter\Session\Handlers\FileHandler' driver.
INFO - 2024-05-13 14:24:02 --> Session: Class initialized using 'CodeIgniter\Session\Handlers\FileHandler' driver.
INFO - 2024-05-13 14:24:39 --> Session: Class initialized using 'CodeIgniter\Session\Handlers\FileHandler' driver.
INFO - 2024-05-13 14:24:46 --> Session: Class initialized using 'CodeIgniter\Session\Handlers\FileHandler' driver.
INFO - 2024-05-13 14:24:50 --> Session: Class initialized using 'CodeIgniter\Session\Handlers\FileHandler' driver.
INFO - 2024-05-13 14:24:51 --> Session: Class initialized using 'CodeIgniter\Session\Handlers\FileHandler' driver.
INFO - 2024-05-13 14:29:31 --> Session: Class initialized using 'CodeIgniter\Session\Handlers\FileHandler' driver.
CRITICAL - 2024-05-13 14:29:31 --> ErrorException: Undefined variable $addres
in APPPATH\Views\page\contact.php on line 7.
 1 APPPATH\Views\page\contact.php(7): CodeIgniter\Debug\Exceptions->errorHandler(2, 'Undefined variable $addres', 'C:\\Users\\Vian\\Downloads\\project-root\\project-root\\app\\Views\\page\\contact.php', 7)
 2 SYSTEMPATH\View\View.php(228): include('C:\\Users\\Vian\\Downloads\\project-root\\project-root\\app\\Views\\page\\contact.php')
 3 SYSTEMPATH\View\View.php(231): CodeIgniter\View\View->CodeIgniter\View\{closure}()
 4 SYSTEMPATH\Common.php(1178): CodeIgniter\View\View->render('page/contact', [], true)
 5 APPPATH\Controllers\Page.php(35): view('page/contact', [...])
 6 SYSTEMPATH\CodeIgniter.php(941): App\Controllers\Page->contact()
 7 SYSTEMPATH\CodeIgniter.php(502): CodeIgniter\CodeIgniter->runController(Object(App\Controllers\Page))
 8 SYSTEMPATH\CodeIgniter.php(361): CodeIgniter\CodeIgniter->handleRequest(null, Object(Config\Cache), false)
 9 FCPATH\index.php(79): CodeIgniter\CodeIgniter->run()
10 SYSTEMPATH\Commands\Server\rewrite.php(47): require_once('C:\\Users\\Vian\\Downloads\\project-root\\project-root\\public\\index.php')
INFO - 2024-05-13 14:30:33 --> Session: Class initialized using 'CodeIgniter\Session\Handlers\FileHandler' driver.
CRITICAL - 2024-05-13 14:30:33 --> ErrorException: Undefined array key "kota"
in APPPATH\Views\page\contact.php on line 11.
 1 APPPATH\Views\page\contact.php(11): CodeIgniter\Debug\Exceptions->errorHandler(2, 'Undefined array key "kota"', 'C:\\Users\\Vian\\Downloads\\project-root\\project-root\\app\\Views\\page\\contact.php', 11)
 2 SYSTEMPATH\View\View.php(228): include('C:\\Users\\Vian\\Downloads\\project-root\\project-root\\app\\Views\\page\\contact.php')
 3 SYSTEMPATH\View\View.php(231): CodeIgniter\View\View->CodeIgniter\View\{closure}()
 4 SYSTEMPATH\Common.php(1178): CodeIgniter\View\View->render('page/contact', [], true)
 5 APPPATH\Controllers\Page.php(35): view('page/contact', [...])
 6 SYSTEMPATH\CodeIgniter.php(941): App\Controllers\Page->contact()
 7 SYSTEMPATH\CodeIgniter.php(502): CodeIgniter\CodeIgniter->runController(Object(App\Controllers\Page))
 8 SYSTEMPATH\CodeIgniter.php(361): CodeIgniter\CodeIgniter->handleRequest(null, Object(Config\Cache), false)
 9 FCPATH\index.php(79): CodeIgniter\CodeIgniter->run()
10 SYSTEMPATH\Commands\Server\rewrite.php(47): require_once('C:\\Users\\Vian\\Downloads\\project-root\\project-root\\public\\index.php')
INFO - 2024-05-13 14:30:57 --> Session: Class initialized using 'CodeIgniter\Session\Handlers\FileHandler' driver.
INFO - 2024-05-13 14:31:47 --> Session: Class initialized using 'CodeIgniter\Session\Handlers\FileHandler' driver.
CRITICAL - 2024-05-13 14:31:47 --> ErrorException: Undefined array key "Kota"
in APPPATH\Views\page\contact.php on line 11.
 1 APPPATH\Views\page\contact.php(11): CodeIgniter\Debug\Exceptions->errorHandler(2, 'Undefined array key "Kota"', 'C:\\Users\\Vian\\Downloads\\project-root\\project-root\\app\\Views\\page\\contact.php', 11)
 2 SYSTEMPATH\View\View.php(228): include('C:\\Users\\Vian\\Downloads\\project-root\\project-root\\app\\Views\\page\\contact.php')
 3 SYSTEMPATH\View\View.php(231): CodeIgniter\View\View->CodeIgniter\View\{closure}()
 4 SYSTEMPATH\Common.php(1178): CodeIgniter\View\View->render('page/contact', [], true)
 5 APPPATH\Controllers\Page.php(36): view('page/contact', [...])
 6 SYSTEMPATH\CodeIgniter.php(941): App\Controllers\Page->contact()
 7 SYSTEMPATH\CodeIgniter.php(502): CodeIgniter\CodeIgniter->runController(Object(App\Controllers\Page))
 8 SYSTEMPATH\CodeIgniter.php(361): CodeIgniter\CodeIgniter->handleRequest(null, Object(Config\Cache), false)
 9 FCPATH\index.php(79): CodeIgniter\CodeIgniter->run()
10 SYSTEMPATH\Commands\Server\rewrite.php(47): require_once('C:\\Users\\Vian\\Downloads\\project-root\\project-root\\public\\index.php')
INFO - 2024-05-13 14:32:03 --> Session: Class initialized using 'CodeIgniter\Session\Handlers\FileHandler' driver.
INFO - 2024-05-13 14:32:38 --> Session: Class initialized using 'CodeIgniter\Session\Handlers\FileHandler' driver.
INFO - 2024-05-13 14:32:39 --> Session: Class initialized using 'CodeIgniter\Session\Handlers\FileHandler' driver.
INFO - 2024-05-13 14:32:40 --> Session: Class initialized using 'CodeIgniter\Session\Handlers\FileHandler' driver.
INFO - 2024-05-13 14:32:41 --> Session: Class initialized using 'CodeIgniter\Session\Handlers\FileHandler' driver.
INFO - 2024-05-13 14:32:58 --> Session: Class initialized using 'CodeIgniter\Session\Handlers\FileHandler' driver.
INFO - 2024-05-13 14:33:00 --> Session: Class initialized using 'CodeIgniter\Session\Handlers\FileHandler' driver.
INFO - 2024-05-13 14:33:01 --> Session: Class initialized using 'CodeIgniter\Session\Handlers\FileHandler' driver.
INFO - 2024-05-13 14:33:15 --> Session: Class initialized using 'CodeIgniter\Session\Handlers\FileHandler' driver.
INFO - 2024-05-13 14:33:29 --> Session: Class initialized using 'CodeIgniter\Session\Handlers\FileHandler' driver.
INFO - 2024-05-13 14:33:30 --> Session: Class initialized using 'CodeIgniter\Session\Handlers\FileHandler' driver.
INFO - 2024-05-13 14:33:32 --> Session: Class initialized using 'CodeIgniter\Session\Handlers\FileHandler' driver.
INFO - 2024-05-13 14:33:35 --> Session: Class initialized using 'CodeIgniter\Session\Handlers\FileHandler' driver.
INFO - 2024-05-13 14:35:18 --> Session: Class initialized using 'CodeIgniter\Session\Handlers\FileHandler' driver.
INFO - 2024-05-13 14:37:01 --> Session: Class initialized using 'CodeIgniter\Session\Handlers\FileHandler' driver.
INFO - 2024-05-13 14:37:13 --> Session: Class initialized using 'CodeIgniter\Session\Handlers\FileHandler' driver.
INFO - 2024-05-13 14:37:14 --> Session: Class initialized using 'CodeIgniter\Session\Handlers\FileHandler' driver.
INFO - 2024-05-13 14:39:45 --> Session: Class initialized using 'CodeIgniter\Session\Handlers\FileHandler' driver.
INFO - 2024-05-13 14:39:57 --> Session: Class initialized using 'CodeIgniter\Session\Handlers\FileHandler' driver.
INFO - 2024-05-13 14:39:57 --> Session: Class initialized using 'CodeIgniter\Session\Handlers\FileHandler' driver.
INFO - 2024-05-13 14:44:40 --> Session: Class initialized using 'CodeIgniter\Session\Handlers\FileHandler' driver.
INFO - 2024-05-13 14:45:15 --> Session: Class initialized using 'CodeIgniter\Session\Handlers\FileHandler' driver.
INFO - 2024-05-13 14:45:41 --> Session: Class initialized using 'CodeIgniter\Session\Handlers\FileHandler' driver.
INFO - 2024-05-13 14:45:42 --> Session: Class initialized using 'CodeIgniter\Session\Handlers\FileHandler' driver.
